Using pre-set license
Built from '6000.0/staging' branch; Version is '6000.0.26f1 (ccb7c73d2c02) revision 13416391'; Using compiler version '193933523'; Build Type 'Release'
OS: 'Windows 11  (10.0.22631) 64bit Professional' Language: 'de' Physical Memory: 32645 MB
BatchMode: 1, IsHumanControllingUs: 0, StartBugReporterOnCrash: 0, Is64bit: 1, IsPro: 1

COMMAND LINE ARGUMENTS:
C:\Program Files\Unity\Hub\Editor\6000.0.26f1\Editor\Unity.exe
-adb2
-batchMode
-noUpm
-name
AssetImportWorker4
-projectPath
C:/Data/GIT/Unity6Test1/My project
-logFile
Logs/AssetImportWorker4.log
-srvPort
50883
-job-worker-count
5
-background-job-worker-count
8
-asset-garbage-collectors
1
Successfully changed project path to: C:/Data/GIT/Unity6Test1/My project
C:/Data/GIT/Unity6Test1/My project
[UnityMemory] Configuration Parameters - Can be set up in boot.config
    "memorysetup-bucket-allocator-granularity=16"
    "memorysetup-bucket-allocator-bucket-count=8"
    "memorysetup-bucket-allocator-block-size=33554432"
    "memorysetup-bucket-allocator-block-count=8"
    "memorysetup-main-allocator-block-size=16777216"
    "memorysetup-thread-allocator-block-size=16777216"
    "memorysetup-gfx-main-allocator-block-size=16777216"
    "memorysetup-gfx-thread-allocator-block-size=16777216"
    "memorysetup-cache-allocator-block-size=4194304"
    "memorysetup-typetree-allocator-block-size=2097152"
    "memorysetup-profiler-bucket-allocator-granularity=16"
    "memorysetup-profiler-bucket-allocator-bucket-count=8"
    "memorysetup-profiler-bucket-allocator-block-size=33554432"
    "memorysetup-profiler-bucket-allocator-block-count=8"
    "memorysetup-profiler-allocator-block-size=16777216"
    "memorysetup-profiler-editor-allocator-block-size=1048576"
    "memorysetup-temp-allocator-size-main=16777216"
    "memorysetup-job-temp-allocator-block-size=2097152"
    "memorysetup-job-temp-allocator-block-size-background=1048576"
    "memorysetup-job-temp-allocator-reduction-small-platforms=262144"
    "memorysetup-allocator-temp-initial-block-size-main=262144"
    "memorysetup-allocator-temp-initial-block-size-worker=262144"
    "memorysetup-temp-allocator-size-background-worker=32768"
    "memorysetup-temp-allocator-size-job-worker=262144"
    "memorysetup-temp-allocator-size-preload-manager=33554432"
    "memorysetup-temp-allocator-size-nav-mesh-worker=65536"
    "memorysetup-temp-allocator-size-audio-worker=65536"
    "memorysetup-temp-allocator-size-cloud-worker=32768"
    "memorysetup-temp-allocator-size-gi-baking-worker=262144"
    "memorysetup-temp-allocator-size-gi-baking-worker=262144"
    "memorysetup-temp-allocator-size-gi-baking-worker=262144"
    "memorysetup-temp-allocator-size-gi-baking-worker=262144"
    "memorysetup-temp-allocator-size-gi-baking-worker=262144"
    "memorysetup-temp-allocator-size-gfx=262144"
Player connection [32260]  Target information:

Player connection [32260]  * "[IP] 192.168.1.115 [Port] 0 [Flags] 2 [Guid] 3965714434 [EditorId] 3965714434 [Version] 1048832 [Id] WindowsEditor(7,RomDesktop) [Debug] 1 [PackageName] WindowsEditor [ProjectName] Editor" 

Player connection [32260] Host joined multi-casting on [225.0.0.222:54997]...
Player connection [32260] Host joined alternative multi-casting on [225.0.0.222:34997]...
JobSystem: Creating JobQueue using job-worker-count value 5
[Physics::Module] Initialized fallback backend.
[Physics::Module] Id: 0xdecafbad
Library Redirect Path: Library/
[Physics::Module] Selected backend.
[Physics::Module] Name: PhysX
[Physics::Module] Id: 0xf2b8ea05
[Physics::Module] SDK Version: 4.1.2
[Physics::Module] Integration Version: 1.0.0
[Physics::Module] Threading Mode: Multi-Threaded
Refreshing native plugins compatible for Editor in 2.98 ms, found 4 plugins.
Preloading 0 native plugins for Editor in 0.00 ms.
Initialize engine version: 6000.0.26f1 (ccb7c73d2c02)
[Subsystems] Discovering subsystems at path C:/Program Files/Unity/Hub/Editor/6000.0.26f1/Editor/Data/Resources/UnitySubsystems
[Subsystems] Discovering subsystems at path C:/Data/GIT/Unity6Test1/My project/Assets
GfxDevice: creating device client; kGfxThreadingModeNonThreaded
Direct3D:
    Version:  Direct3D 11.0 [level 11.1]
    Renderer: NVIDIA GeForce RTX 3080 (ID=0x2206)
    Vendor:   NVIDIA
    VRAM:     10053 MB
    Driver:   32.0.15.6614
Initialize mono
Mono path[0] = 'C:/Program Files/Unity/Hub/Editor/6000.0.26f1/Editor/Data/Managed'
Mono path[1] = 'C:/Program Files/Unity/Hub/Editor/6000.0.26f1/Editor/Data/MonoBleedingEdge/lib/mono/unityjit-win32'
Mono config path = 'C:/Program Files/Unity/Hub/Editor/6000.0.26f1/Editor/Data/MonoBleedingEdge/etc'
Using monoOptions --debugger-agent=transport=dt_socket,embedding=1,server=y,suspend=n,address=127.0.0.1:56396
Begin MonoManager ReloadAssembly
Registering precompiled unity dll's ...
Register platform support module: C:/Program Files/Unity/Hub/Editor/6000.0.26f1/Editor/Data/PlaybackEngines/WindowsStandaloneSupport/UnityEditor.WindowsStandalone.Extensions.dll
Register platform support module: C:/Program Files/Unity/Hub/Editor/6000.0.26f1/Editor/Data/PlaybackEngines/AndroidPlayer/UnityEditor.Android.Extensions.dll
Register platform support module: C:/Program Files/Unity/Hub/Editor/6000.0.26f1/Editor/Data/PlaybackEngines/AppleTVSupport/UnityEditor.AppleTV.Extensions.dll
Registered in 0.003593 seconds.
- Loaded All Assemblies, in  0.396 seconds
[usbmuxd] Start listen thread
[usbmuxd] Listen thread started
Native extension for AppleTV target not found
Native extension for Android target not found
Android Extension - Scanning For ADB Devices 188 ms
Native extension for WindowsStandalone target not found
Mono: successfully reloaded assembly
- Finished resetting the current domain, in  0.577 seconds
Domain Reload Profiling: 972ms
	BeginReloadAssembly (135ms)
		ExecutionOrderSort (0ms)
		DisableScriptedObjects (0ms)
		BackupInstance (0ms)
		ReleaseScriptingObjects (0ms)
		CreateAndSetChildDomain (1ms)
	RebuildCommonClasses (37ms)
	RebuildNativeTypeToScriptingClass (12ms)
	initialDomainReloadingComplete (49ms)
	LoadAllAssembliesAndSetupDomain (161ms)
		LoadAssemblies (133ms)
		RebuildTransferFunctionScriptingTraits (0ms)
		AnalyzeDomain (158ms)
			TypeCache.Refresh (156ms)
				TypeCache.ScanAssembly (143ms)
			BuildScriptInfoCaches (0ms)
			ResolveRequiredComponents (0ms)
	FinalizeReload (578ms)
		ReleaseScriptCaches (0ms)
		RebuildScriptCaches (0ms)
		SetupLoadedEditorAssemblies (531ms)
			LogAssemblyErrors (0ms)
			InitializePlatformSupportModulesInManaged (294ms)
			SetLoadedEditorAssemblies (4ms)
			BeforeProcessingInitializeOnLoad (6ms)
			ProcessInitializeOnLoadAttributes (125ms)
			ProcessInitializeOnLoadMethodAttributes (67ms)
			AfterProcessingInitializeOnLoad (34ms)
			EditorAssembliesLoaded (0ms)
		ExecutionOrderSort2 (0ms)
		AwakeInstancesAfterBackupRestoration (0ms)
========================================================================
Worker process is ready to serve import requests
Import Worker Mode flag is 0x00
Begin MonoManager ReloadAssembly
- Loaded All Assemblies, in  1.065 seconds
Refreshing native plugins compatible for Editor in 1.44 ms, found 4 plugins.
Native extension for AppleTV target not found
Native extension for Android target not found
Native extension for WindowsStandalone target not found
Mono: successfully reloaded assembly
- Finished resetting the current domain, in  1.046 seconds
Domain Reload Profiling: 2110ms
	BeginReloadAssembly (374ms)
		ExecutionOrderSort (0ms)
		DisableScriptedObjects (6ms)
		BackupInstance (0ms)
		ReleaseScriptingObjects (0ms)
		CreateAndSetChildDomain (32ms)
	RebuildCommonClasses (36ms)
	RebuildNativeTypeToScriptingClass (12ms)
	initialDomainReloadingComplete (37ms)
	LoadAllAssembliesAndSetupDomain (602ms)
		LoadAssemblies (391ms)
		RebuildTransferFunctionScriptingTraits (0ms)
		AnalyzeDomain (312ms)
			TypeCache.Refresh (214ms)
				TypeCache.ScanAssembly (195ms)
			BuildScriptInfoCaches (82ms)
			ResolveRequiredComponents (13ms)
	FinalizeReload (1049ms)
		ReleaseScriptCaches (0ms)
		RebuildScriptCaches (0ms)
		SetupLoadedEditorAssemblies (785ms)
			LogAssemblyErrors (0ms)
			InitializePlatformSupportModulesInManaged (15ms)
			SetLoadedEditorAssemblies (5ms)
			BeforeProcessingInitializeOnLoad (139ms)
			ProcessInitializeOnLoadAttributes (512ms)
			ProcessInitializeOnLoadMethodAttributes (107ms)
			AfterProcessingInitializeOnLoad (8ms)
			EditorAssembliesLoaded (0ms)
		ExecutionOrderSort2 (0ms)
		AwakeInstancesAfterBackupRestoration (6ms)
Launched and connected shader compiler UnityShaderCompiler.exe after 0.01 seconds
Refreshing native plugins compatible for Editor in 1.35 ms, found 4 plugins.
Preloading 0 native plugins for Editor in 0.00 ms.
Unloading 206 Unused Serialized files (Serialized files now loaded: 0)
Unloading 6525 unused Assets / (4.5 MB). Loaded Objects now: 7309.
Memory consumption went from 200.6 MB to 196.1 MB.
Total: 10.385000 ms (FindLiveObjects: 0.836100 ms CreateObjectMapping: 1.324900 ms MarkObjects: 5.164100 ms  DeleteObjects: 3.058700 ms)

========================================================================
Received Import Request.
  Time since last request: 43753.450944 seconds.
  path: Assets/Tiles/IsoOrman2/Overworld - Forest - Flat - transparent 256x128_0.asset
  artifactKey: Guid(eae4a9f8221e5cd458a7fd3b2a61df89) Importer(815301076,1909f56bfc062723c751e8b465ee728b)
Start importing Assets/Tiles/IsoOrman2/Overworld - Forest - Flat - transparent 256x128_0.asset using Guid(eae4a9f8221e5cd458a7fd3b2a61df89) Importer(815301076,1909f56bfc062723c751e8b465ee728b) (PreviewImporter) -> (artifact id: 'fb6eb37cf4d1f2e37df4486be5561648') in 0.076394 seconds
Number of updated asset objects reloaded before import = 0Number of asset objects unloaded after import = 3

========================================================================
Received Import Request.
  Time since last request: 0.000023 seconds.
  path: Assets/Tiles/IsoOrman2/Overworld - Forest - Flat - transparent 256x128_17.asset
  artifactKey: Guid(d955f26053703af45835a030da1c66ab) Importer(815301076,1909f56bfc062723c751e8b465ee728b)
Start importing Assets/Tiles/IsoOrman2/Overworld - Forest - Flat - transparent 256x128_17.asset using Guid(d955f26053703af45835a030da1c66ab) Importer(815301076,1909f56bfc062723c751e8b465ee728b) (PreviewImporter) -> (artifact id: '235015cf9f509b5e86cb7f075f36f74b') in 0.0074103 seconds
Number of updated asset objects reloaded before import = 0Number of asset objects unloaded after import = 3

========================================================================
Received Import Request.
  Time since last request: 0.000030 seconds.
  path: Assets/Tiles/IsoOrman2/Overworld - Forest - Flat - transparent 256x128_8.asset
  artifactKey: Guid(485e0133c412b0143bffc550126d054e) Importer(815301076,1909f56bfc062723c751e8b465ee728b)
Start importing Assets/Tiles/IsoOrman2/Overworld - Forest - Flat - transparent 256x128_8.asset using Guid(485e0133c412b0143bffc550126d054e) Importer(815301076,1909f56bfc062723c751e8b465ee728b) (PreviewImporter) -> (artifact id: '1fba19e24a973e0b123f15f2dcd5a201') in 0.0068202 seconds
Number of updated asset objects reloaded before import = 0Number of asset objects unloaded after import = 3

========================================================================
Received Import Request.
  Time since last request: 0.000022 seconds.
  path: Assets/Tiles/IsoOrman2/Overworld - Forest - Flat - transparent 256x128_5.asset
  artifactKey: Guid(4ef4798f3305ae34f860d88e50b54506) Importer(815301076,1909f56bfc062723c751e8b465ee728b)
Start importing Assets/Tiles/IsoOrman2/Overworld - Forest - Flat - transparent 256x128_5.asset using Guid(4ef4798f3305ae34f860d88e50b54506) Importer(815301076,1909f56bfc062723c751e8b465ee728b) (PreviewImporter) -> (artifact id: '8125a8c99bed5091c719fc0859820a4f') in 0.0072117 seconds
Number of updated asset objects reloaded before import = 0Number of asset objects unloaded after import = 3

========================================================================
Received Import Request.
  Time since last request: 0.000017 seconds.
  path: Assets/Tiles/IsoOrman2/Overworld - Forest - Flat - transparent 256x128_3.asset
  artifactKey: Guid(76ff0c95baed0594782223fe3db40ea6) Importer(815301076,1909f56bfc062723c751e8b465ee728b)
Start importing Assets/Tiles/IsoOrman2/Overworld - Forest - Flat - transparent 256x128_3.asset using Guid(76ff0c95baed0594782223fe3db40ea6) Importer(815301076,1909f56bfc062723c751e8b465ee728b) (PreviewImporter) -> (artifact id: '70ee1e56fa285210909405784e6ba68a') in 0.0073958 seconds
Number of updated asset objects reloaded before import = 0Number of asset objects unloaded after import = 3

========================================================================
Received Import Request.
  Time since last request: 0.962049 seconds.
  path: Assets/Tiles/IsoOrman3/Overworld - Forest - Flat - transparent 256x128_0.asset
  artifactKey: Guid(fd16e8c7746db6240803a85457b0c6e7) Importer(815301076,1909f56bfc062723c751e8b465ee728b)
Start importing Assets/Tiles/IsoOrman3/Overworld - Forest - Flat - transparent 256x128_0.asset using Guid(fd16e8c7746db6240803a85457b0c6e7) Importer(815301076,1909f56bfc062723c751e8b465ee728b) (PreviewImporter) -> (artifact id: 'bc53ea1e7755c9fc32c239845ea982cf') in 0.007203 seconds
Number of updated asset objects reloaded before import = 0Number of asset objects unloaded after import = 3

========================================================================
Received Import Request.
  Time since last request: 0.000023 seconds.
  path: Assets/Tiles/IsoOrman3/Overworld - Forest - Flat - transparent 256x128_14.asset
  artifactKey: Guid(efb14847478b0a540a440c6075e5779b) Importer(815301076,1909f56bfc062723c751e8b465ee728b)
Start importing Assets/Tiles/IsoOrman3/Overworld - Forest - Flat - transparent 256x128_14.asset using Guid(efb14847478b0a540a440c6075e5779b) Importer(815301076,1909f56bfc062723c751e8b465ee728b) (PreviewImporter) -> (artifact id: '6430143f5bf42ab23109182bf5f0e3ba') in 0.0081715 seconds
Number of updated asset objects reloaded before import = 0Number of asset objects unloaded after import = 3

========================================================================
Received Import Request.
  Time since last request: 0.000016 seconds.
  path: Assets/Tiles/IsoOrman3/Overworld - Forest - Flat - transparent 256x128_16.asset
  artifactKey: Guid(3ae82f56d638a4f428e68d80749d01ec) Importer(815301076,1909f56bfc062723c751e8b465ee728b)
Start importing Assets/Tiles/IsoOrman3/Overworld - Forest - Flat - transparent 256x128_16.asset using Guid(3ae82f56d638a4f428e68d80749d01ec) Importer(815301076,1909f56bfc062723c751e8b465ee728b) (PreviewImporter) -> (artifact id: 'b6cb194a20deb0c17ee83ea86ff0222c') in 0.0095554 seconds
Number of updated asset objects reloaded before import = 0Number of asset objects unloaded after import = 3

========================================================================
Received Import Request.
  Time since last request: 0.000014 seconds.
  path: Assets/Tiles/IsoOrman3/Overworld - Forest - Flat - transparent 256x128_4.asset
  artifactKey: Guid(cf48756e91ff7594aa848caa3cc5eed3) Importer(815301076,1909f56bfc062723c751e8b465ee728b)
Start importing Assets/Tiles/IsoOrman3/Overworld - Forest - Flat - transparent 256x128_4.asset using Guid(cf48756e91ff7594aa848caa3cc5eed3) Importer(815301076,1909f56bfc062723c751e8b465ee728b) (PreviewImporter) -> (artifact id: '0e0bfff63db1ffa8031398f41a780bf7') in 0.007735 seconds
Number of updated asset objects reloaded before import = 0Number of asset objects unloaded after import = 3

========================================================================
Received Import Request.
  Time since last request: 0.000014 seconds.
  path: Assets/Tiles/IsoOrman3/Overworld - Forest - Flat - transparent 256x128_7.asset
  artifactKey: Guid(4dd6a84dffffdfd49b594eb5837c5a98) Importer(815301076,1909f56bfc062723c751e8b465ee728b)
Start importing Assets/Tiles/IsoOrman3/Overworld - Forest - Flat - transparent 256x128_7.asset using Guid(4dd6a84dffffdfd49b594eb5837c5a98) Importer(815301076,1909f56bfc062723c751e8b465ee728b) (PreviewImporter) -> (artifact id: '20b89ceafea4eb3646f018ecf68a62bb') in 0.0071517 seconds
Number of updated asset objects reloaded before import = 0Number of asset objects unloaded after import = 3

========================================================================
Received Import Request.
  Time since last request: 0.000020 seconds.
  path: Assets/Tiles/IsoOrman3/Overworld - Forest - Flat - transparent 256x128_5.asset
  artifactKey: Guid(1cef1a00d95a931499c148539fcef6ec) Importer(815301076,1909f56bfc062723c751e8b465ee728b)
Start importing Assets/Tiles/IsoOrman3/Overworld - Forest - Flat - transparent 256x128_5.asset using Guid(1cef1a00d95a931499c148539fcef6ec) Importer(815301076,1909f56bfc062723c751e8b465ee728b) (PreviewImporter) -> (artifact id: '231ef3e90c50ba923fe8f741dec4dd03') in 0.0072291 seconds
Number of updated asset objects reloaded before import = 0Number of asset objects unloaded after import = 3

========================================================================
Received Import Request.
  Time since last request: 1.088846 seconds.
  path: Assets/Tiles/IsoWater/Overworld - Water - Flat 256x128_0.asset
  artifactKey: Guid(23abefb3ca319ca468f0c0e4ecc8b9e3) Importer(815301076,1909f56bfc062723c751e8b465ee728b)
Start importing Assets/Tiles/IsoWater/Overworld - Water - Flat 256x128_0.asset using Guid(23abefb3ca319ca468f0c0e4ecc8b9e3) Importer(815301076,1909f56bfc062723c751e8b465ee728b) (PreviewImporter) -> (artifact id: '7b0f7bd77bf7d1d9a8eae4729e083869') in 0.0071924 seconds
Number of updated asset objects reloaded before import = 0Number of asset objects unloaded after import = 3

========================================================================
Received Import Request.
  Time since last request: 0.000019 seconds.
  path: Assets/Tiles/IsoWater/Overworld - Water - Flat 256x128_9.asset
  artifactKey: Guid(4bf79336bfc05ed4c84077a924a45568) Importer(815301076,1909f56bfc062723c751e8b465ee728b)
Start importing Assets/Tiles/IsoWater/Overworld - Water - Flat 256x128_9.asset using Guid(4bf79336bfc05ed4c84077a924a45568) Importer(815301076,1909f56bfc062723c751e8b465ee728b) (PreviewImporter) -> (artifact id: '36ef423da0353cd4e982abb61bb83617') in 0.0086202 seconds
Number of updated asset objects reloaded before import = 0Number of asset objects unloaded after import = 3

========================================================================
Received Import Request.
  Time since last request: 0.000017 seconds.
  path: Assets/Tiles/IsoWater/Overworld - Water - Flat 256x128_5.asset
  artifactKey: Guid(00f04b3a722313940b6e2ce742268e15) Importer(815301076,1909f56bfc062723c751e8b465ee728b)
Start importing Assets/Tiles/IsoWater/Overworld - Water - Flat 256x128_5.asset using Guid(00f04b3a722313940b6e2ce742268e15) Importer(815301076,1909f56bfc062723c751e8b465ee728b) (PreviewImporter) -> (artifact id: 'c8e7e63904b41b76ffdc85946f07e2c2') in 0.0112959 seconds
Number of updated asset objects reloaded before import = 0Number of asset objects unloaded after import = 3

========================================================================
Received Import Request.
  Time since last request: 0.000015 seconds.
  path: Assets/Tiles/IsoWater/Overworld - Water - Flat 256x128_14.asset
  artifactKey: Guid(82ea0057f21acc44fb444ce9f93d73c7) Importer(815301076,1909f56bfc062723c751e8b465ee728b)
Start importing Assets/Tiles/IsoWater/Overworld - Water - Flat 256x128_14.asset using Guid(82ea0057f21acc44fb444ce9f93d73c7) Importer(815301076,1909f56bfc062723c751e8b465ee728b) (PreviewImporter) -> (artifact id: '94b63ca64fed63dbf92d85f18f466806') in 0.0064837 seconds
Number of updated asset objects reloaded before import = 0Number of asset objects unloaded after import = 3

========================================================================
Received Import Request.
  Time since last request: 0.000017 seconds.
  path: Assets/Tiles/IsoWater/Overworld - Water - Flat 256x128_11.asset
  artifactKey: Guid(9c583a1be821cf64fb68f5b1acdc3ab1) Importer(815301076,1909f56bfc062723c751e8b465ee728b)
Start importing Assets/Tiles/IsoWater/Overworld - Water - Flat 256x128_11.asset using Guid(9c583a1be821cf64fb68f5b1acdc3ab1) Importer(815301076,1909f56bfc062723c751e8b465ee728b) (PreviewImporter) -> (artifact id: 'd50e34091130bbe16b44ad8f4c023846') in 0.0069104 seconds
Number of updated asset objects reloaded before import = 0Number of asset objects unloaded after import = 3

========================================================================
Received Import Request.
  Time since last request: 0.000025 seconds.
  path: Assets/Tiles/IsoWater/Overworld - Water - Flat 256x128_17.asset
  artifactKey: Guid(00a0e84dcda683740a4db961fc2128bd) Importer(815301076,1909f56bfc062723c751e8b465ee728b)
Start importing Assets/Tiles/IsoWater/Overworld - Water - Flat 256x128_17.asset using Guid(00a0e84dcda683740a4db961fc2128bd) Importer(815301076,1909f56bfc062723c751e8b465ee728b) (PreviewImporter) -> (artifact id: 'fa81e43d15910504e12bbc8af3fe1584') in 0.0076069 seconds
Number of updated asset objects reloaded before import = 0Number of asset objects unloaded after import = 3

========================================================================
Received Import Request.
  Time since last request: 0.768433 seconds.
  path: Assets/Tiles/IsoOrmanTransparent/Overworld - Forest - Flat - transparent 256x128_0.asset
  artifactKey: Guid(06daa9306733ca3478ec8886503df030) Importer(815301076,1909f56bfc062723c751e8b465ee728b)
Start importing Assets/Tiles/IsoOrmanTransparent/Overworld - Forest - Flat - transparent 256x128_0.asset using Guid(06daa9306733ca3478ec8886503df030) Importer(815301076,1909f56bfc062723c751e8b465ee728b) (PreviewImporter) -> (artifact id: 'c2c443c7e6fafbde5503a2eadfda06fc') in 0.0077338 seconds
Number of updated asset objects reloaded before import = 0Number of asset objects unloaded after import = 3

========================================================================
Received Import Request.
  Time since last request: 0.000024 seconds.
  path: Assets/Tiles/IsoOrmanTransparent/Overworld - Forest - Flat - transparent 256x128_14.asset
  artifactKey: Guid(cb1f71a0f6c2294499c984f1b7792acc) Importer(815301076,1909f56bfc062723c751e8b465ee728b)
Start importing Assets/Tiles/IsoOrmanTransparent/Overworld - Forest - Flat - transparent 256x128_14.asset using Guid(cb1f71a0f6c2294499c984f1b7792acc) Importer(815301076,1909f56bfc062723c751e8b465ee728b) (PreviewImporter) -> (artifact id: 'a647082ca5d368c2545967f943426b2f') in 0.0069976 seconds
Number of updated asset objects reloaded before import = 0Number of asset objects unloaded after import = 3

========================================================================
Received Import Request.
  Time since last request: 0.000024 seconds.
  path: Assets/Tiles/IsoOrmanTransparent/Overworld - Forest - Flat - transparent 256x128_9.asset
  artifactKey: Guid(bb2cced3d09d3674889390b2e31afe52) Importer(815301076,1909f56bfc062723c751e8b465ee728b)
Start importing Assets/Tiles/IsoOrmanTransparent/Overworld - Forest - Flat - transparent 256x128_9.asset using Guid(bb2cced3d09d3674889390b2e31afe52) Importer(815301076,1909f56bfc062723c751e8b465ee728b) (PreviewImporter) -> (artifact id: 'ee3b2a50393caf56e39516277ad3e24a') in 0.0070199 seconds
Number of updated asset objects reloaded before import = 0Number of asset objects unloaded after import = 3

========================================================================
Received Import Request.
  Time since last request: 0.000020 seconds.
  path: Assets/Tiles/IsoOrmanTransparent/Overworld - Forest - Flat - transparent 256x128_6.asset
  artifactKey: Guid(4f3e9ce9419b49043888d59b4ea2a722) Importer(815301076,1909f56bfc062723c751e8b465ee728b)
Start importing Assets/Tiles/IsoOrmanTransparent/Overworld - Forest - Flat - transparent 256x128_6.asset using Guid(4f3e9ce9419b49043888d59b4ea2a722) Importer(815301076,1909f56bfc062723c751e8b465ee728b) (PreviewImporter) -> (artifact id: 'e205098a555b85446967b6df3c80c728') in 0.0089324 seconds
Number of updated asset objects reloaded before import = 0Number of asset objects unloaded after import = 3

========================================================================
Received Import Request.
  Time since last request: 0.000016 seconds.
  path: Assets/Tiles/IsoOrmanTransparent/Overworld - Forest - Flat - transparent 256x128_13.asset
  artifactKey: Guid(277d007be7273fd448d68779c14ddd06) Importer(815301076,1909f56bfc062723c751e8b465ee728b)
Start importing Assets/Tiles/IsoOrmanTransparent/Overworld - Forest - Flat - transparent 256x128_13.asset using Guid(277d007be7273fd448d68779c14ddd06) Importer(815301076,1909f56bfc062723c751e8b465ee728b) (PreviewImporter) -> (artifact id: '5b39881d3f2c9bea0d813bc08e56eddc') in 0.0068138 seconds
Number of updated asset objects reloaded before import = 0Number of asset objects unloaded after import = 3

========================================================================
Received Import Request.
  Time since last request: 0.000014 seconds.
  path: Assets/Tiles/IsoOrmanTransparent/Overworld - Forest - Flat - transparent 256x128_11.asset
  artifactKey: Guid(bd52fc6f377ee7f41943de9a7d72e7de) Importer(815301076,1909f56bfc062723c751e8b465ee728b)
Start importing Assets/Tiles/IsoOrmanTransparent/Overworld - Forest - Flat - transparent 256x128_11.asset using Guid(bd52fc6f377ee7f41943de9a7d72e7de) Importer(815301076,1909f56bfc062723c751e8b465ee728b) (PreviewImporter) -> (artifact id: '15ed4c52a2e54a9f41dbc7a0a2aa83fd') in 0.0066685 seconds
Number of updated asset objects reloaded before import = 0Number of asset objects unloaded after import = 3

========================================================================
Received Import Request.
  Time since last request: 57.067389 seconds.
  path: Assets/Tiles/Isometric/Flat/Overworld - Forest - Flat - transparent 256x128.png
  artifactKey: Guid(0f4ef804448535541a07568c17e39e2b) Importer(815301076,1909f56bfc062723c751e8b465ee728b)
Start importing Assets/Tiles/Isometric/Flat/Overworld - Forest - Flat - transparent 256x128.png using Guid(0f4ef804448535541a07568c17e39e2b) Importer(815301076,1909f56bfc062723c751e8b465ee728b) (PreviewImporter) -> (artifact id: 'ae747888f8f917ab00ef95fc947eca96') in 0.0852089 seconds
Number of updated asset objects reloaded before import = 0Number of asset objects unloaded after import = 20

========================================================================
Received Import Request.
  Time since last request: 210.588891 seconds.
  path: Assets/Prefabs/Overworld - Forest - Flat - t1.prefab
  artifactKey: Guid(4c95de1e03c975d429ba414982ccdd9d) Importer(815301076,1909f56bfc062723c751e8b465ee728b)
Start importing Assets/Prefabs/Overworld - Forest - Flat - t1.prefab using Guid(4c95de1e03c975d429ba414982ccdd9d) Importer(815301076,1909f56bfc062723c751e8b465ee728b) (PreviewImporter) -> (artifact id: '10e03353077b2a9952018cd6e83b995b') in 0.4660092 seconds
Number of updated asset objects reloaded before import = 0Number of asset objects unloaded after import = 7

========================================================================
Received Import Request.
  Time since last request: 17.316915 seconds.
  path: Assets/Tiles/IsoOrman2/IsoOrman2.prefab
  artifactKey: Guid(87dd5e46f254e534991ecfccc1ed28c3) Importer(815301076,1909f56bfc062723c751e8b465ee728b)
Start importing Assets/Tiles/IsoOrman2/IsoOrman2.prefab using Guid(87dd5e46f254e534991ecfccc1ed28c3) Importer(815301076,1909f56bfc062723c751e8b465ee728b) (PreviewImporter) -> (artifact id: '3d3f132f481b4f0ad0381860073d3cdf') in 0.023619 seconds
Number of updated asset objects reloaded before import = 0Number of asset objects unloaded after import = 47

========================================================================
Received Import Request.
  Time since last request: 0.000027 seconds.
  path: Assets/Tiles/IsoOrman2/Overworld - Forest - Flat - transparent 256x128_2.asset
  artifactKey: Guid(18d11661533200045b1e4bbba6c623c4) Importer(815301076,1909f56bfc062723c751e8b465ee728b)
Start importing Assets/Tiles/IsoOrman2/Overworld - Forest - Flat - transparent 256x128_2.asset using Guid(18d11661533200045b1e4bbba6c623c4) Importer(815301076,1909f56bfc062723c751e8b465ee728b) (PreviewImporter) -> (artifact id: '8284a10d51986c27744a4b6df245bcbc') in 0.0071386 seconds
Number of updated asset objects reloaded before import = 0Number of asset objects unloaded after import = 3

========================================================================
Received Import Request.
  Time since last request: 0.000025 seconds.
  path: Assets/Tiles/IsoOrman2/Overworld - Forest - Flat - transparent 256x128_4.asset
  artifactKey: Guid(d1b340389cfe8234a92854f4d6305c6d) Importer(815301076,1909f56bfc062723c751e8b465ee728b)
Start importing Assets/Tiles/IsoOrman2/Overworld - Forest - Flat - transparent 256x128_4.asset using Guid(d1b340389cfe8234a92854f4d6305c6d) Importer(815301076,1909f56bfc062723c751e8b465ee728b) (PreviewImporter) -> (artifact id: 'c107e2b5e03891899cbea5bc447826f9') in 0.0056708 seconds
Number of updated asset objects reloaded before import = 0Number of asset objects unloaded after import = 3

========================================================================
Received Import Request.
  Time since last request: 0.000023 seconds.
  path: Assets/Tiles/IsoOrman2/Overworld - Forest - Flat - transparent 256x128_1.asset
  artifactKey: Guid(e111134e29ead4d4d8f52df27e765fcd) Importer(815301076,1909f56bfc062723c751e8b465ee728b)
Start importing Assets/Tiles/IsoOrman2/Overworld - Forest - Flat - transparent 256x128_1.asset using Guid(e111134e29ead4d4d8f52df27e765fcd) Importer(815301076,1909f56bfc062723c751e8b465ee728b) (PreviewImporter) -> (artifact id: 'bfd3c6cf2924467cc6fbb23b45a3a4c4') in 0.0156271 seconds
Number of updated asset objects reloaded before import = 0Number of asset objects unloaded after import = 3

========================================================================
Received Import Request.
  Time since last request: 0.000027 seconds.
  path: Assets/Tiles/IsoOrman2/Overworld - Forest - Flat - transparent 256x128_15.asset
  artifactKey: Guid(a20192dcc6b75bf468b92720c3a6f2cd) Importer(815301076,1909f56bfc062723c751e8b465ee728b)
Start importing Assets/Tiles/IsoOrman2/Overworld - Forest - Flat - transparent 256x128_15.asset using Guid(a20192dcc6b75bf468b92720c3a6f2cd) Importer(815301076,1909f56bfc062723c751e8b465ee728b) (PreviewImporter) -> (artifact id: '173183f94c9dee863be40ca8912e9443') in 0.0091911 seconds
Number of updated asset objects reloaded before import = 0Number of asset objects unloaded after import = 3

========================================================================
Received Import Request.
  Time since last request: 0.000046 seconds.
  path: Assets/Tiles/IsoOrman2/Overworld - Forest - Flat - transparent 256x128_8.asset
  artifactKey: Guid(485e0133c412b0143bffc550126d054e) Importer(815301076,1909f56bfc062723c751e8b465ee728b)
Start importing Assets/Tiles/IsoOrman2/Overworld - Forest - Flat - transparent 256x128_8.asset using Guid(485e0133c412b0143bffc550126d054e) Importer(815301076,1909f56bfc062723c751e8b465ee728b) (PreviewImporter) -> (artifact id: 'dbd9bb8a98def871c1365f07fbe1add7') in 0.006597 seconds
Number of updated asset objects reloaded before import = 0Number of asset objects unloaded after import = 3

========================================================================
Received Import Request.
  Time since last request: 0.000023 seconds.
  path: Assets/Tiles/IsoOrman2/Overworld - Forest - Flat - transparent 256x128_7.asset
  artifactKey: Guid(d489519868749e74d84100e88aa9d441) Importer(815301076,1909f56bfc062723c751e8b465ee728b)
Start importing Assets/Tiles/IsoOrman2/Overworld - Forest - Flat - transparent 256x128_7.asset using Guid(d489519868749e74d84100e88aa9d441) Importer(815301076,1909f56bfc062723c751e8b465ee728b) (PreviewImporter) -> (artifact id: '0bd7310891777653c6c087e2f7abe61f') in 0.0059807 seconds
Number of updated asset objects reloaded before import = 0Number of asset objects unloaded after import = 3

========================================================================
Received Import Request.
  Time since last request: 0.000023 seconds.
  path: Assets/Tiles/IsoOrman2/Overworld - Forest - Flat - transparent 256x128_13.asset
  artifactKey: Guid(777aab9e2be42554cb452fa8657300dc) Importer(815301076,1909f56bfc062723c751e8b465ee728b)
Start importing Assets/Tiles/IsoOrman2/Overworld - Forest - Flat - transparent 256x128_13.asset using Guid(777aab9e2be42554cb452fa8657300dc) Importer(815301076,1909f56bfc062723c751e8b465ee728b) (PreviewImporter) -> (artifact id: '649c0479387f1b00393ef8b79e489bae') in 0.0086252 seconds
Number of updated asset objects reloaded before import = 0Number of asset objects unloaded after import = 3

========================================================================
Received Import Request.
  Time since last request: 0.000038 seconds.
  path: Assets/Tiles/IsoOrman2/Overworld - Forest - Flat - transparent 256x128_3.asset
  artifactKey: Guid(76ff0c95baed0594782223fe3db40ea6) Importer(815301076,1909f56bfc062723c751e8b465ee728b)
Start importing Assets/Tiles/IsoOrman2/Overworld - Forest - Flat - transparent 256x128_3.asset using Guid(76ff0c95baed0594782223fe3db40ea6) Importer(815301076,1909f56bfc062723c751e8b465ee728b) (PreviewImporter) -> (artifact id: 'bc39dbbf1e1d8328c56c87b2b4a9cf72') in 0.008186 seconds
Number of updated asset objects reloaded before import = 0Number of asset objects unloaded after import = 3

========================================================================
Received Import Request.
  Time since last request: 2.673259 seconds.
  path: Assets/Tiles/IsoOrman3/Overworld - Forest - Flat - transparent 256x128_0.asset
  artifactKey: Guid(fd16e8c7746db6240803a85457b0c6e7) Importer(815301076,1909f56bfc062723c751e8b465ee728b)
Start importing Assets/Tiles/IsoOrman3/Overworld - Forest - Flat - transparent 256x128_0.asset using Guid(fd16e8c7746db6240803a85457b0c6e7) Importer(815301076,1909f56bfc062723c751e8b465ee728b) (PreviewImporter) -> (artifact id: 'bd5510645b239d5490bc506cb77af1a1') in 0.007225 seconds
Number of updated asset objects reloaded before import = 0Number of asset objects unloaded after import = 3

========================================================================
Received Import Request.
  Time since last request: 0.000028 seconds.
  path: Assets/Tiles/IsoOrman3/Overworld - Forest - Flat - transparent 256x128_15.asset
  artifactKey: Guid(8a40702086d10c64f8fdb1c2e99cbf1e) Importer(815301076,1909f56bfc062723c751e8b465ee728b)
Start importing Assets/Tiles/IsoOrman3/Overworld - Forest - Flat - transparent 256x128_15.asset using Guid(8a40702086d10c64f8fdb1c2e99cbf1e) Importer(815301076,1909f56bfc062723c751e8b465ee728b) (PreviewImporter) -> (artifact id: 'fc98502191f317af6ecb4b8615f77bc8') in 0.0061108 seconds
Number of updated asset objects reloaded before import = 0Number of asset objects unloaded after import = 3

========================================================================
Received Import Request.
  Time since last request: 0.000035 seconds.
  path: Assets/Tiles/IsoOrman3/Overworld - Forest - Flat - transparent 256x128_17.asset
  artifactKey: Guid(9c23334335baf6244996bda565d97a3f) Importer(815301076,1909f56bfc062723c751e8b465ee728b)
Start importing Assets/Tiles/IsoOrman3/Overworld - Forest - Flat - transparent 256x128_17.asset using Guid(9c23334335baf6244996bda565d97a3f) Importer(815301076,1909f56bfc062723c751e8b465ee728b) (PreviewImporter) -> (artifact id: 'dbb011fce1d35582673d60d6f8936179') in 0.0058522 seconds
Number of updated asset objects reloaded before import = 0Number of asset objects unloaded after import = 3

========================================================================
Received Import Request.
  Time since last request: 0.000035 seconds.
  path: Assets/Tiles/IsoOrman3/Overworld - Forest - Flat - transparent 256x128_12.asset
  artifactKey: Guid(30d38b0b613b00549a76a4c30ebd552d) Importer(815301076,1909f56bfc062723c751e8b465ee728b)
Start importing Assets/Tiles/IsoOrman3/Overworld - Forest - Flat - transparent 256x128_12.asset using Guid(30d38b0b613b00549a76a4c30ebd552d) Importer(815301076,1909f56bfc062723c751e8b465ee728b) (PreviewImporter) -> (artifact id: '217d56a4a8067b890d5ee19f66af706c') in 0.0066078 seconds
Number of updated asset objects reloaded before import = 0Number of asset objects unloaded after import = 3

========================================================================
Received Import Request.
  Time since last request: 0.000027 seconds.
  path: Assets/Tiles/IsoOrman3/Overworld - Forest - Flat - transparent 256x128_2.asset
  artifactKey: Guid(cee9985af20016b4e8b05629945c67c8) Importer(815301076,1909f56bfc062723c751e8b465ee728b)
Start importing Assets/Tiles/IsoOrman3/Overworld - Forest - Flat - transparent 256x128_2.asset using Guid(cee9985af20016b4e8b05629945c67c8) Importer(815301076,1909f56bfc062723c751e8b465ee728b) (PreviewImporter) -> (artifact id: 'e8088929fafbf14c3ab4d1d74c0b2656') in 0.0060099 seconds
Number of updated asset objects reloaded before import = 0Number of asset objects unloaded after import = 3

========================================================================
Received Import Request.
  Time since last request: 0.000025 seconds.
  path: Assets/Tiles/IsoOrman3/Overworld - Forest - Flat - transparent 256x128_6.asset
  artifactKey: Guid(549e90d638aa9114ab9179858cc79834) Importer(815301076,1909f56bfc062723c751e8b465ee728b)
Start importing Assets/Tiles/IsoOrman3/Overworld - Forest - Flat - transparent 256x128_6.asset using Guid(549e90d638aa9114ab9179858cc79834) Importer(815301076,1909f56bfc062723c751e8b465ee728b) (PreviewImporter) -> (artifact id: 'c3532be313fcd61130a0cb6e1e08663d') in 0.0066008 seconds
Number of updated asset objects reloaded before import = 0Number of asset objects unloaded after import = 3

========================================================================
Received Import Request.
  Time since last request: 0.000024 seconds.
  path: Assets/Tiles/IsoOrman3/Overworld - Forest - Flat - transparent 256x128_11.asset
  artifactKey: Guid(f7cb47d44990c7144982632883266594) Importer(815301076,1909f56bfc062723c751e8b465ee728b)
Start importing Assets/Tiles/IsoOrman3/Overworld - Forest - Flat - transparent 256x128_11.asset using Guid(f7cb47d44990c7144982632883266594) Importer(815301076,1909f56bfc062723c751e8b465ee728b) (PreviewImporter) -> (artifact id: '144dbbace4f14e18529b9874e3e6d79c') in 0.0057684 seconds
Number of updated asset objects reloaded before import = 0Number of asset objects unloaded after import = 3

========================================================================
Received Import Request.
  Time since last request: 0.000032 seconds.
  path: Assets/Tiles/IsoOrman3/Overworld - Forest - Flat - transparent 256x128_7.asset
  artifactKey: Guid(4dd6a84dffffdfd49b594eb5837c5a98) Importer(815301076,1909f56bfc062723c751e8b465ee728b)
Start importing Assets/Tiles/IsoOrman3/Overworld - Forest - Flat - transparent 256x128_7.asset using Guid(4dd6a84dffffdfd49b594eb5837c5a98) Importer(815301076,1909f56bfc062723c751e8b465ee728b) (PreviewImporter) -> (artifact id: '5fa755ba4945ec881cb8b6d341b1e16b') in 0.0055877 seconds
Number of updated asset objects reloaded before import = 0Number of asset objects unloaded after import = 3

========================================================================
Received Import Request.
  Time since last request: 0.000024 seconds.
  path: Assets/Tiles/IsoOrman3/Overworld - Forest - Flat - transparent 256x128_9.asset
  artifactKey: Guid(f81a57b20331a9449a42e76d4c623227) Importer(815301076,1909f56bfc062723c751e8b465ee728b)
Start importing Assets/Tiles/IsoOrman3/Overworld - Forest - Flat - transparent 256x128_9.asset using Guid(f81a57b20331a9449a42e76d4c623227) Importer(815301076,1909f56bfc062723c751e8b465ee728b) (PreviewImporter) -> (artifact id: '61495ec15166d04d5f44c241be1c85e6') in 0.0051773 seconds
Number of updated asset objects reloaded before import = 0Number of asset objects unloaded after import = 3

========================================================================
Received Import Request.
  Time since last request: 0.953845 seconds.
  path: Assets/Tiles/IsoOrmanTransparent/Overworld - Forest - Flat - transparent 256x128_0.asset
  artifactKey: Guid(06daa9306733ca3478ec8886503df030) Importer(815301076,1909f56bfc062723c751e8b465ee728b)
Start importing Assets/Tiles/IsoOrmanTransparent/Overworld - Forest - Flat - transparent 256x128_0.asset using Guid(06daa9306733ca3478ec8886503df030) Importer(815301076,1909f56bfc062723c751e8b465ee728b) (PreviewImporter) -> (artifact id: 'db6eff11cb59ed739f47646efba0fc03') in 0.0076313 seconds
Number of updated asset objects reloaded before import = 0Number of asset objects unloaded after import = 3

========================================================================
Received Import Request.
  Time since last request: 0.000034 seconds.
  path: Assets/Tiles/IsoOrmanTransparent/Overworld - Forest - Flat - transparent 256x128_5.asset
  artifactKey: Guid(c6527e2e93da88245905386c652b5efa) Importer(815301076,1909f56bfc062723c751e8b465ee728b)
Start importing Assets/Tiles/IsoOrmanTransparent/Overworld - Forest - Flat - transparent 256x128_5.asset using Guid(c6527e2e93da88245905386c652b5efa) Importer(815301076,1909f56bfc062723c751e8b465ee728b) (PreviewImporter) -> (artifact id: '376e7acc45b0e2a525d9dc1a1613fc83') in 0.0061904 seconds
Number of updated asset objects reloaded before import = 0Number of asset objects unloaded after import = 3

========================================================================
Received Import Request.
  Time since last request: 0.000034 seconds.
  path: Assets/Tiles/IsoOrmanTransparent/Overworld - Forest - Flat - transparent 256x128_16.asset
  artifactKey: Guid(271c30143399e694e93e782b6a57166b) Importer(815301076,1909f56bfc062723c751e8b465ee728b)
Start importing Assets/Tiles/IsoOrmanTransparent/Overworld - Forest - Flat - transparent 256x128_16.asset using Guid(271c30143399e694e93e782b6a57166b) Importer(815301076,1909f56bfc062723c751e8b465ee728b) (PreviewImporter) -> (artifact id: '596905636ae36e12925a917b02b580c6') in 0.0078872 seconds
Number of updated asset objects reloaded before import = 0Number of asset objects unloaded after import = 3

========================================================================
Received Import Request.
  Time since last request: 0.000040 seconds.
  path: Assets/Tiles/IsoOrmanTransparent/Overworld - Forest - Flat - transparent 256x128_10.asset
  artifactKey: Guid(87cde9c945cbe4b479f4e38109314360) Importer(815301076,1909f56bfc062723c751e8b465ee728b)
Start importing Assets/Tiles/IsoOrmanTransparent/Overworld - Forest - Flat - transparent 256x128_10.asset using Guid(87cde9c945cbe4b479f4e38109314360) Importer(815301076,1909f56bfc062723c751e8b465ee728b) (PreviewImporter) -> (artifact id: '4352279d5d6a0446f9e6d77369aeacea') in 0.0069444 seconds
Number of updated asset objects reloaded before import = 0Number of asset objects unloaded after import = 3

========================================================================
Received Import Request.
  Time since last request: 0.000033 seconds.
  path: Assets/Tiles/IsoOrmanTransparent/Overworld - Forest - Flat - transparent 256x128_6.asset
  artifactKey: Guid(4f3e9ce9419b49043888d59b4ea2a722) Importer(815301076,1909f56bfc062723c751e8b465ee728b)
Start importing Assets/Tiles/IsoOrmanTransparent/Overworld - Forest - Flat - transparent 256x128_6.asset using Guid(4f3e9ce9419b49043888d59b4ea2a722) Importer(815301076,1909f56bfc062723c751e8b465ee728b) (PreviewImporter) -> (artifact id: 'd674983be743e2f6ed02317f00baed96') in 0.0064912 seconds
Number of updated asset objects reloaded before import = 0Number of asset objects unloaded after import = 3

========================================================================
Received Import Request.
  Time since last request: 0.000027 seconds.
  path: Assets/Tiles/IsoOrmanTransparent/Overworld - Forest - Flat - transparent 256x128_2.asset
  artifactKey: Guid(f130f830d0fceb64086ea48e4544603a) Importer(815301076,1909f56bfc062723c751e8b465ee728b)
Start importing Assets/Tiles/IsoOrmanTransparent/Overworld - Forest - Flat - transparent 256x128_2.asset using Guid(f130f830d0fceb64086ea48e4544603a) Importer(815301076,1909f56bfc062723c751e8b465ee728b) (PreviewImporter) -> (artifact id: '561f4f3700881619466095811f558ac8') in 0.008113 seconds
Number of updated asset objects reloaded before import = 0Number of asset objects unloaded after import = 3

========================================================================
Received Import Request.
  Time since last request: 0.000026 seconds.
  path: Assets/Tiles/IsoOrmanTransparent/Overworld - Forest - Flat - transparent 256x128_8.asset
  artifactKey: Guid(545febe7f3601634a80a772e6e1a0a77) Importer(815301076,1909f56bfc062723c751e8b465ee728b)
Start importing Assets/Tiles/IsoOrmanTransparent/Overworld - Forest - Flat - transparent 256x128_8.asset using Guid(545febe7f3601634a80a772e6e1a0a77) Importer(815301076,1909f56bfc062723c751e8b465ee728b) (PreviewImporter) -> (artifact id: 'd4966c3cdb2f18802990fe852dcabe4f') in 0.0066642 seconds
Number of updated asset objects reloaded before import = 0Number of asset objects unloaded after import = 3

========================================================================
Received Import Request.
  Time since last request: 0.000024 seconds.
  path: Assets/Tiles/IsoOrmanTransparent/Overworld - Forest - Flat - transparent 256x128_4.asset
  artifactKey: Guid(a000ea103c4b39b4fa17f908aca86442) Importer(815301076,1909f56bfc062723c751e8b465ee728b)
Start importing Assets/Tiles/IsoOrmanTransparent/Overworld - Forest - Flat - transparent 256x128_4.asset using Guid(a000ea103c4b39b4fa17f908aca86442) Importer(815301076,1909f56bfc062723c751e8b465ee728b) (PreviewImporter) -> (artifact id: '257f4589cc3c4ab081432cf04e9e3aae') in 0.0082743 seconds
Number of updated asset objects reloaded before import = 0Number of asset objects unloaded after import = 3

========================================================================
Received Import Request.
  Time since last request: 0.000039 seconds.
  path: Assets/Tiles/IsoOrmanTransparent/Overworld - Forest - Flat - transparent 256x128_11.asset
  artifactKey: Guid(bd52fc6f377ee7f41943de9a7d72e7de) Importer(815301076,1909f56bfc062723c751e8b465ee728b)
Start importing Assets/Tiles/IsoOrmanTransparent/Overworld - Forest - Flat - transparent 256x128_11.asset using Guid(bd52fc6f377ee7f41943de9a7d72e7de) Importer(815301076,1909f56bfc062723c751e8b465ee728b) (PreviewImporter) -> (artifact id: 'c5d3b2c53d8ca4740f269899247fcd3c') in 0.0068671 seconds
Number of updated asset objects reloaded before import = 0Number of asset objects unloaded after import = 3

========================================================================
Received Import Request.
  Time since last request: 163.795518 seconds.
  path: Assets/Prefabs/Overworld - Water - Flat 256x128_4.prefab
  artifactKey: Guid(d40ab190212f19040b06ebe3e1f22d15) Importer(815301076,1909f56bfc062723c751e8b465ee728b)
Start importing Assets/Prefabs/Overworld - Water - Flat 256x128_4.prefab using Guid(d40ab190212f19040b06ebe3e1f22d15) Importer(815301076,1909f56bfc062723c751e8b465ee728b) (PreviewImporter) -> (artifact id: '1db885e3d9e1ebb18c2deaa68444d729') in 0.0082185 seconds
Number of updated asset objects reloaded before import = 0Number of asset objects unloaded after import = 7

========================================================================
Received Import Request.
  Time since last request: 0.011496 seconds.
  path: Assets/Prefabs/Overworld - Forest - Flat - transparent 256x128_1.prefab
  artifactKey: Guid(fee54f5b642e6594c9992add2f38e15a) Importer(815301076,1909f56bfc062723c751e8b465ee728b)
Start importing Assets/Prefabs/Overworld - Forest - Flat - transparent 256x128_1.prefab using Guid(fee54f5b642e6594c9992add2f38e15a) Importer(815301076,1909f56bfc062723c751e8b465ee728b) (PreviewImporter) -> (artifact id: '472e5db52aae9c22d1df1fcd5606aade') in 0.0088355 seconds
Number of updated asset objects reloaded before import = 0Number of asset objects unloaded after import = 7

========================================================================
Received Import Request.
  Time since last request: 0.000038 seconds.
  path: Assets/Prefabs/Overworld - Water - Flat 256x128_8.prefab
  artifactKey: Guid(9e5709670129fe040bb2273f9db3dd14) Importer(815301076,1909f56bfc062723c751e8b465ee728b)
Start importing Assets/Prefabs/Overworld - Water - Flat 256x128_8.prefab using Guid(9e5709670129fe040bb2273f9db3dd14) Importer(815301076,1909f56bfc062723c751e8b465ee728b) (PreviewImporter) -> (artifact id: '41cc4300431c0bb440ea90e3400533a4') in 0.0084165 seconds
Number of updated asset objects reloaded before import = 0Number of asset objects unloaded after import = 7

========================================================================
Received Import Request.
  Time since last request: 0.000038 seconds.
  path: Assets/Prefabs/Overworld - Water - Flat 256x128_0.prefab
  artifactKey: Guid(7a2b17af724c39a469f6631bad67c334) Importer(815301076,1909f56bfc062723c751e8b465ee728b)
Start importing Assets/Prefabs/Overworld - Water - Flat 256x128_0.prefab using Guid(7a2b17af724c39a469f6631bad67c334) Importer(815301076,1909f56bfc062723c751e8b465ee728b) (PreviewImporter) -> (artifact id: '93beb751fa7488941044f41293f9a720') in 0.0091918 seconds
Number of updated asset objects reloaded before import = 0Number of asset objects unloaded after import = 7

========================================================================
Received Import Request.
  Time since last request: 0.000031 seconds.
  path: Assets/Prefabs/Overworld - Water - Flat 256x128_9.prefab
  artifactKey: Guid(e39e3d84c2f8fc645a9b552626120083) Importer(815301076,1909f56bfc062723c751e8b465ee728b)
Start importing Assets/Prefabs/Overworld - Water - Flat 256x128_9.prefab using Guid(e39e3d84c2f8fc645a9b552626120083) Importer(815301076,1909f56bfc062723c751e8b465ee728b) (PreviewImporter) -> (artifact id: 'd5301af2684a993073027e8dc6c41c4a') in 0.0097342 seconds
Number of updated asset objects reloaded before import = 0Number of asset objects unloaded after import = 7

========================================================================
Received Import Request.
  Time since last request: 0.000029 seconds.
  path: Assets/Prefabs/Overworld - Water - Flat 256x128_6.prefab
  artifactKey: Guid(24c321e0ed168a44eb41a31bd008e5e1) Importer(815301076,1909f56bfc062723c751e8b465ee728b)
Start importing Assets/Prefabs/Overworld - Water - Flat 256x128_6.prefab using Guid(24c321e0ed168a44eb41a31bd008e5e1) Importer(815301076,1909f56bfc062723c751e8b465ee728b) (PreviewImporter) -> (artifact id: 'd3c9d223ec1dc7a05afe5c9fd7a16129') in 0.0269997 seconds
Number of updated asset objects reloaded before import = 0Number of asset objects unloaded after import = 7

========================================================================
Received Import Request.
  Time since last request: 12.883293 seconds.
  path: Assets/Prefabs/Orman1.prefab
  artifactKey: Guid(4c95de1e03c975d429ba414982ccdd9d) Importer(815301076,1909f56bfc062723c751e8b465ee728b)
Start importing Assets/Prefabs/Orman1.prefab using Guid(4c95de1e03c975d429ba414982ccdd9d) Importer(815301076,1909f56bfc062723c751e8b465ee728b) (PreviewImporter) -> (artifact id: 'c2457e3c02c8e415855ca931ee5cb016') in 0.0070526 seconds
Number of updated asset objects reloaded before import = 0Number of asset objects unloaded after import = 7

========================================================================
Received Import Request.
  Time since last request: 4.148169 seconds.
  path: Assets/Prefabs/Orman2.prefab
  artifactKey: Guid(fee54f5b642e6594c9992add2f38e15a) Importer(815301076,1909f56bfc062723c751e8b465ee728b)
Start importing Assets/Prefabs/Orman2.prefab using Guid(fee54f5b642e6594c9992add2f38e15a) Importer(815301076,1909f56bfc062723c751e8b465ee728b) (PreviewImporter) -> (artifact id: 'db772c1d7750fb0bf38b7c5d9017b287') in 0.0069892 seconds
Number of updated asset objects reloaded before import = 0Number of asset objects unloaded after import = 7

========================================================================
Received Import Request.
  Time since last request: 10.412402 seconds.
  path: Assets/Prefabs/Buzul.prefab
  artifactKey: Guid(7a2b17af724c39a469f6631bad67c334) Importer(815301076,1909f56bfc062723c751e8b465ee728b)
Start importing Assets/Prefabs/Buzul.prefab using Guid(7a2b17af724c39a469f6631bad67c334) Importer(815301076,1909f56bfc062723c751e8b465ee728b) (PreviewImporter) -> (artifact id: '0ab8c7911988852e685680d15320a91d') in 0.007623 seconds
Number of updated asset objects reloaded before import = 0Number of asset objects unloaded after import = 7

========================================================================
Received Import Request.
  Time since last request: 5.433281 seconds.
  path: Assets/Prefabs/Deniz.prefab
  artifactKey: Guid(d40ab190212f19040b06ebe3e1f22d15) Importer(815301076,1909f56bfc062723c751e8b465ee728b)
Start importing Assets/Prefabs/Deniz.prefab using Guid(d40ab190212f19040b06ebe3e1f22d15) Importer(815301076,1909f56bfc062723c751e8b465ee728b) (PreviewImporter) -> (artifact id: 'da4ce81c2f398a5103f64e1ea01fd1b2') in 0.0070233 seconds
Number of updated asset objects reloaded before import = 0Number of asset objects unloaded after import = 7

========================================================================
Received Import Request.
  Time since last request: 6.905021 seconds.
  path: Assets/Prefabs/Bozkir.prefab
  artifactKey: Guid(24c321e0ed168a44eb41a31bd008e5e1) Importer(815301076,1909f56bfc062723c751e8b465ee728b)
Start importing Assets/Prefabs/Bozkir.prefab using Guid(24c321e0ed168a44eb41a31bd008e5e1) Importer(815301076,1909f56bfc062723c751e8b465ee728b) (PreviewImporter) -> (artifact id: 'f05b9ee0fa993b0c44a05fca0eda829f') in 0.007579 seconds
Number of updated asset objects reloaded before import = 0Number of asset objects unloaded after import = 7

========================================================================
Received Import Request.
  Time since last request: 4.907327 seconds.
  path: Assets/Prefabs/Cayir.prefab
  artifactKey: Guid(9e5709670129fe040bb2273f9db3dd14) Importer(815301076,1909f56bfc062723c751e8b465ee728b)
Start importing Assets/Prefabs/Cayir.prefab using Guid(9e5709670129fe040bb2273f9db3dd14) Importer(815301076,1909f56bfc062723c751e8b465ee728b) (PreviewImporter) -> (artifact id: '0abb6f918e4c179afcfffbcd76798022') in 0.0072135 seconds
Number of updated asset objects reloaded before import = 0Number of asset objects unloaded after import = 7

========================================================================
Received Import Request.
  Time since last request: 7.815079 seconds.
  path: Assets/Prefabs/Col.prefab
  artifactKey: Guid(e39e3d84c2f8fc645a9b552626120083) Importer(815301076,1909f56bfc062723c751e8b465ee728b)
Start importing Assets/Prefabs/Col.prefab using Guid(e39e3d84c2f8fc645a9b552626120083) Importer(815301076,1909f56bfc062723c751e8b465ee728b) (PreviewImporter) -> (artifact id: '9c2d66096f81b4513b7ce26eb41acba7') in 0.0071026 seconds
Number of updated asset objects reloaded before import = 0Number of asset objects unloaded after import = 7

========================================================================
Received Import Request.
  Time since last request: 1625.016956 seconds.
  path: Assets/Tiles/DALLE 2024-12-16 00.35.42 - A pixel art isometric tileset for a video game with a transparent or magenta background. The tiles are designed in a diamond shape and include the fol.png
  artifactKey: Guid(eca3a3f7d23dae04a9482fe7f6c282af) Importer(815301076,1909f56bfc062723c751e8b465ee728b)
Start importing Assets/Tiles/DALLE 2024-12-16 00.35.42 - A pixel art isometric tileset for a video game with a transparent or magenta background. The tiles are designed in a diamond shape and include the fol.png using Guid(eca3a3f7d23dae04a9482fe7f6c282af) Importer(815301076,1909f56bfc062723c751e8b465ee728b) (PreviewImporter) -> (artifact id: 'f6d70a9743e2911b3810f508698d7c46') in 0.0170196 seconds
Number of updated asset objects reloaded before import = 0Number of asset objects unloaded after import = 3

========================================================================
Received Prepare
Begin MonoManager ReloadAssembly
- Loaded All Assemblies, in  0.926 seconds
Refreshing native plugins compatible for Editor in 1.27 ms, found 4 plugins.
Native extension for AppleTV target not found
Native extension for Android target not found
Native extension for WindowsStandalone target not found
Mono: successfully reloaded assembly
- Finished resetting the current domain, in  1.234 seconds
Domain Reload Profiling: 2161ms
	BeginReloadAssembly (263ms)
		ExecutionOrderSort (0ms)
		DisableScriptedObjects (34ms)
		BackupInstance (0ms)
		ReleaseScriptingObjects (0ms)
		CreateAndSetChildDomain (80ms)
	RebuildCommonClasses (41ms)
	RebuildNativeTypeToScriptingClass (14ms)
	initialDomainReloadingComplete (33ms)
	LoadAllAssembliesAndSetupDomain (575ms)
		LoadAssemblies (403ms)
		RebuildTransferFunctionScriptingTraits (0ms)
		AnalyzeDomain (274ms)
			TypeCache.Refresh (8ms)
				TypeCache.ScanAssembly (0ms)
			BuildScriptInfoCaches (249ms)
			ResolveRequiredComponents (12ms)
	FinalizeReload (1235ms)
		ReleaseScriptCaches (0ms)
		RebuildScriptCaches (0ms)
		SetupLoadedEditorAssemblies (875ms)
			LogAssemblyErrors (0ms)
			InitializePlatformSupportModulesInManaged (18ms)
			SetLoadedEditorAssemblies (6ms)
			BeforeProcessingInitializeOnLoad (159ms)
			ProcessInitializeOnLoadAttributes (605ms)
			ProcessInitializeOnLoadMethodAttributes (78ms)
			AfterProcessingInitializeOnLoad (9ms)
			EditorAssembliesLoaded (0ms)
		ExecutionOrderSort2 (0ms)
		AwakeInstancesAfterBackupRestoration (15ms)
Refreshing native plugins compatible for Editor in 1.49 ms, found 4 plugins.
Preloading 0 native plugins for Editor in 0.00 ms.
Unloading 13 Unused Serialized files (Serialized files now loaded: 0)
Unloading 6523 unused Assets / (4.5 MB). Loaded Objects now: 7386.
Memory consumption went from 172.8 MB to 168.3 MB.
Total: 11.553900 ms (FindLiveObjects: 0.921400 ms CreateObjectMapping: 1.529900 ms MarkObjects: 6.336700 ms  DeleteObjects: 2.764600 ms)

Prepare: number of updated asset objects reloaded= 0
========================================================================
Received Prepare
Refreshing native plugins compatible for Editor in 8.49 ms, found 4 plugins.
Preloading 0 native plugins for Editor in 0.00 ms.
Unloading 13 Unused Serialized files (Serialized files now loaded: 0)
Unloading 6512 unused Assets / (3.9 MB). Loaded Objects now: 7386.
Memory consumption went from 172.8 MB to 168.9 MB.
Total: 19.004600 ms (FindLiveObjects: 5.668500 ms CreateObjectMapping: 1.835400 ms MarkObjects: 8.108800 ms  DeleteObjects: 3.390300 ms)

Prepare: number of updated asset objects reloaded= 0
========================================================================
Received Prepare
Begin MonoManager ReloadAssembly
- Loaded All Assemblies, in  0.877 seconds
Refreshing native plugins compatible for Editor in 2.03 ms, found 4 plugins.
Native extension for AppleTV target not found
Native extension for Android target not found
Native extension for WindowsStandalone target not found
Mono: successfully reloaded assembly
- Finished resetting the current domain, in  1.253 seconds
Domain Reload Profiling: 2131ms
	BeginReloadAssembly (234ms)
		ExecutionOrderSort (0ms)
		DisableScriptedObjects (16ms)
		BackupInstance (0ms)
		ReleaseScriptingObjects (0ms)
		CreateAndSetChildDomain (61ms)
	RebuildCommonClasses (38ms)
	RebuildNativeTypeToScriptingClass (13ms)
	initialDomainReloadingComplete (31ms)
	LoadAllAssembliesAndSetupDomain (561ms)
		LoadAssemblies (415ms)
		RebuildTransferFunctionScriptingTraits (0ms)
		AnalyzeDomain (256ms)
			TypeCache.Refresh (11ms)
				TypeCache.ScanAssembly (0ms)
			BuildScriptInfoCaches (229ms)
			ResolveRequiredComponents (12ms)
	FinalizeReload (1254ms)
		ReleaseScriptCaches (0ms)
		RebuildScriptCaches (0ms)
		SetupLoadedEditorAssemblies (866ms)
			LogAssemblyErrors (0ms)
			InitializePlatformSupportModulesInManaged (16ms)
			SetLoadedEditorAssemblies (5ms)
			BeforeProcessingInitializeOnLoad (166ms)
			ProcessInitializeOnLoadAttributes (589ms)
			ProcessInitializeOnLoadMethodAttributes (78ms)
			AfterProcessingInitializeOnLoad (10ms)
			EditorAssembliesLoaded (0ms)
		ExecutionOrderSort2 (0ms)
		AwakeInstancesAfterBackupRestoration (14ms)
Refreshing native plugins compatible for Editor in 1.38 ms, found 4 plugins.
Preloading 0 native plugins for Editor in 0.00 ms.
Unloading 13 Unused Serialized files (Serialized files now loaded: 0)
Unloading 6523 unused Assets / (4.5 MB). Loaded Objects now: 7388.
Memory consumption went from 172.7 MB to 168.2 MB.
Total: 10.461700 ms (FindLiveObjects: 0.935200 ms CreateObjectMapping: 1.657800 ms MarkObjects: 5.083500 ms  DeleteObjects: 2.784300 ms)

Prepare: number of updated asset objects reloaded= 0
========================================================================
Received Prepare
Begin MonoManager ReloadAssembly
- Loaded All Assemblies, in  0.845 seconds
Refreshing native plugins compatible for Editor in 1.36 ms, found 4 plugins.
Native extension for AppleTV target not found
Native extension for Android target not found
Native extension for WindowsStandalone target not found
Mono: successfully reloaded assembly
- Finished resetting the current domain, in  1.218 seconds
Domain Reload Profiling: 2063ms
	BeginReloadAssembly (228ms)
		ExecutionOrderSort (0ms)
		DisableScriptedObjects (16ms)
		BackupInstance (0ms)
		ReleaseScriptingObjects (0ms)
		CreateAndSetChildDomain (61ms)
	RebuildCommonClasses (40ms)
	RebuildNativeTypeToScriptingClass (15ms)
	initialDomainReloadingComplete (27ms)
	LoadAllAssembliesAndSetupDomain (534ms)
		LoadAssemblies (386ms)
		RebuildTransferFunctionScriptingTraits (0ms)
		AnalyzeDomain (251ms)
			TypeCache.Refresh (9ms)
				TypeCache.ScanAssembly (0ms)
			BuildScriptInfoCaches (227ms)
			ResolveRequiredComponents (11ms)
	FinalizeReload (1219ms)
		ReleaseScriptCaches (0ms)
		RebuildScriptCaches (0ms)
		SetupLoadedEditorAssemblies (860ms)
			LogAssemblyErrors (0ms)
			InitializePlatformSupportModulesInManaged (17ms)
			SetLoadedEditorAssemblies (5ms)
			BeforeProcessingInitializeOnLoad (160ms)
			ProcessInitializeOnLoadAttributes (594ms)
			ProcessInitializeOnLoadMethodAttributes (75ms)
			AfterProcessingInitializeOnLoad (8ms)
			EditorAssembliesLoaded (0ms)
		ExecutionOrderSort2 (0ms)
		AwakeInstancesAfterBackupRestoration (15ms)
Refreshing native plugins compatible for Editor in 1.49 ms, found 4 plugins.
Preloading 0 native plugins for Editor in 0.00 ms.
Unloading 13 Unused Serialized files (Serialized files now loaded: 0)
Unloading 6523 unused Assets / (4.5 MB). Loaded Objects now: 7390.
Memory consumption went from 172.7 MB to 168.2 MB.
Total: 10.831700 ms (FindLiveObjects: 1.079800 ms CreateObjectMapping: 1.590100 ms MarkObjects: 5.465400 ms  DeleteObjects: 2.695400 ms)

Prepare: number of updated asset objects reloaded= 0
========================================================================
Received Import Request.
  Time since last request: 366.665388 seconds.
  path: Assets/Prefabs/TilesetPrefab.prefab
  artifactKey: Guid(f37957a1f7e213e469c79cd834b9fa58) Importer(815301076,1909f56bfc062723c751e8b465ee728b)
Start importing Assets/Prefabs/TilesetPrefab.prefab using Guid(f37957a1f7e213e469c79cd834b9fa58) Importer(815301076,1909f56bfc062723c751e8b465ee728b) (PreviewImporter) -> (artifact id: 'fafc77e516ce5896f196b52a1e1de1c2') in 0.5460887 seconds
Number of updated asset objects reloaded before import = 0Number of asset objects unloaded after import = 34

========================================================================
Received Prepare
Begin MonoManager ReloadAssembly
- Loaded All Assemblies, in  0.884 seconds
Refreshing native plugins compatible for Editor in 1.53 ms, found 4 plugins.
Native extension for AppleTV target not found
Native extension for Android target not found
Native extension for WindowsStandalone target not found
Mono: successfully reloaded assembly
- Finished resetting the current domain, in  1.215 seconds
Domain Reload Profiling: 2099ms
	BeginReloadAssembly (266ms)
		ExecutionOrderSort (0ms)
		DisableScriptedObjects (31ms)
		BackupInstance (0ms)
		ReleaseScriptingObjects (0ms)
		CreateAndSetChildDomain (78ms)
	RebuildCommonClasses (37ms)
	RebuildNativeTypeToScriptingClass (16ms)
	initialDomainReloadingComplete (31ms)
	LoadAllAssembliesAndSetupDomain (533ms)
		LoadAssemblies (405ms)
		RebuildTransferFunctionScriptingTraits (0ms)
		AnalyzeDomain (241ms)
			TypeCache.Refresh (7ms)
				TypeCache.ScanAssembly (0ms)
			BuildScriptInfoCaches (218ms)
			ResolveRequiredComponents (12ms)
	FinalizeReload (1215ms)
		ReleaseScriptCaches (0ms)
		RebuildScriptCaches (0ms)
		SetupLoadedEditorAssemblies (870ms)
			LogAssemblyErrors (0ms)
			InitializePlatformSupportModulesInManaged (14ms)
			SetLoadedEditorAssemblies (6ms)
			BeforeProcessingInitializeOnLoad (163ms)
			ProcessInitializeOnLoadAttributes (599ms)
			ProcessInitializeOnLoadMethodAttributes (78ms)
			AfterProcessingInitializeOnLoad (10ms)
			EditorAssembliesLoaded (0ms)
		ExecutionOrderSort2 (0ms)
		AwakeInstancesAfterBackupRestoration (14ms)
Refreshing native plugins compatible for Editor in 1.37 ms, found 4 plugins.
Preloading 0 native plugins for Editor in 0.00 ms.
Unloading 13 Unused Serialized files (Serialized files now loaded: 0)
Unloading 6523 unused Assets / (4.4 MB). Loaded Objects now: 7414.
Memory consumption went from 174.4 MB to 170.0 MB.
Total: 10.343300 ms (FindLiveObjects: 0.937000 ms CreateObjectMapping: 1.369200 ms MarkObjects: 5.304300 ms  DeleteObjects: 2.732000 ms)

Prepare: number of updated asset objects reloaded= 0
========================================================================
Received Prepare
Begin MonoManager ReloadAssembly
- Loaded All Assemblies, in  0.891 seconds
Refreshing native plugins compatible for Editor in 2.17 ms, found 4 plugins.
Native extension for AppleTV target not found
Native extension for Android target not found
Native extension for WindowsStandalone target not found
Mono: successfully reloaded assembly
- Finished resetting the current domain, in  1.265 seconds
Domain Reload Profiling: 2157ms
	BeginReloadAssembly (250ms)
		ExecutionOrderSort (0ms)
		DisableScriptedObjects (19ms)
		BackupInstance (0ms)
		ReleaseScriptingObjects (0ms)
		CreateAndSetChildDomain (65ms)
	RebuildCommonClasses (42ms)
	RebuildNativeTypeToScriptingClass (13ms)
	initialDomainReloadingComplete (27ms)
	LoadAllAssembliesAndSetupDomain (559ms)
		LoadAssemblies (415ms)
		RebuildTransferFunctionScriptingTraits (0ms)
		AnalyzeDomain (263ms)
			TypeCache.Refresh (7ms)
				TypeCache.ScanAssembly (0ms)
			BuildScriptInfoCaches (240ms)
			ResolveRequiredComponents (12ms)
	FinalizeReload (1266ms)
		ReleaseScriptCaches (0ms)
		RebuildScriptCaches (0ms)
		SetupLoadedEditorAssemblies (891ms)
			LogAssemblyErrors (0ms)
			InitializePlatformSupportModulesInManaged (18ms)
			SetLoadedEditorAssemblies (6ms)
			BeforeProcessingInitializeOnLoad (165ms)
			ProcessInitializeOnLoadAttributes (618ms)
			ProcessInitializeOnLoadMethodAttributes (75ms)
			AfterProcessingInitializeOnLoad (8ms)
			EditorAssembliesLoaded (0ms)
		ExecutionOrderSort2 (0ms)
		AwakeInstancesAfterBackupRestoration (14ms)
Refreshing native plugins compatible for Editor in 1.43 ms, found 4 plugins.
Preloading 0 native plugins for Editor in 0.00 ms.
Unloading 13 Unused Serialized files (Serialized files now loaded: 0)
Unloading 6523 unused Assets / (4.6 MB). Loaded Objects now: 7416.
Memory consumption went from 174.2 MB to 169.6 MB.
Total: 11.153800 ms (FindLiveObjects: 0.870200 ms CreateObjectMapping: 1.331200 ms MarkObjects: 5.913600 ms  DeleteObjects: 3.037900 ms)

Prepare: number of updated asset objects reloaded= 0
========================================================================
Received Prepare
Begin MonoManager ReloadAssembly
- Loaded All Assemblies, in  0.882 seconds
Refreshing native plugins compatible for Editor in 1.37 ms, found 4 plugins.
Native extension for AppleTV target not found
Native extension for Android target not found
Native extension for WindowsStandalone target not found
Mono: successfully reloaded assembly
- Finished resetting the current domain, in  1.198 seconds
Domain Reload Profiling: 2080ms
	BeginReloadAssembly (246ms)
		ExecutionOrderSort (0ms)
		DisableScriptedObjects (17ms)
		BackupInstance (0ms)
		ReleaseScriptingObjects (0ms)
		CreateAndSetChildDomain (66ms)
	RebuildCommonClasses (43ms)
	RebuildNativeTypeToScriptingClass (13ms)
	initialDomainReloadingComplete (31ms)
	LoadAllAssembliesAndSetupDomain (548ms)
		LoadAssemblies (421ms)
		RebuildTransferFunctionScriptingTraits (0ms)
		AnalyzeDomain (242ms)
			TypeCache.Refresh (9ms)
				TypeCache.ScanAssembly (0ms)
			BuildScriptInfoCaches (217ms)
			ResolveRequiredComponents (12ms)
	FinalizeReload (1199ms)
		ReleaseScriptCaches (0ms)
		RebuildScriptCaches (0ms)
		SetupLoadedEditorAssemblies (837ms)
			LogAssemblyErrors (0ms)
			InitializePlatformSupportModulesInManaged (19ms)
			SetLoadedEditorAssemblies (5ms)
			BeforeProcessingInitializeOnLoad (143ms)
			ProcessInitializeOnLoadAttributes (587ms)
			ProcessInitializeOnLoadMethodAttributes (73ms)
			AfterProcessingInitializeOnLoad (9ms)
			EditorAssembliesLoaded (0ms)
		ExecutionOrderSort2 (0ms)
		AwakeInstancesAfterBackupRestoration (15ms)
Refreshing native plugins compatible for Editor in 1.40 ms, found 4 plugins.
Preloading 0 native plugins for Editor in 0.00 ms.
Unloading 13 Unused Serialized files (Serialized files now loaded: 0)
Unloading 6523 unused Assets / (4.3 MB). Loaded Objects now: 7418.
Memory consumption went from 174.3 MB to 169.9 MB.
Total: 12.244500 ms (FindLiveObjects: 0.918000 ms CreateObjectMapping: 1.527400 ms MarkObjects: 6.448300 ms  DeleteObjects: 3.350000 ms)

Prepare: number of updated asset objects reloaded= 0
========================================================================
Received Prepare
Begin MonoManager ReloadAssembly
- Loaded All Assemblies, in  0.818 seconds
Refreshing native plugins compatible for Editor in 1.48 ms, found 4 plugins.
Native extension for AppleTV target not found
Native extension for Android target not found
Native extension for WindowsStandalone target not found
Mono: successfully reloaded assembly
- Finished resetting the current domain, in  1.110 seconds
Domain Reload Profiling: 1928ms
	BeginReloadAssembly (221ms)
		ExecutionOrderSort (0ms)
		DisableScriptedObjects (16ms)
		BackupInstance (0ms)
		ReleaseScriptingObjects (0ms)
		CreateAndSetChildDomain (59ms)
	RebuildCommonClasses (37ms)
	RebuildNativeTypeToScriptingClass (13ms)
	initialDomainReloadingComplete (26ms)
	LoadAllAssembliesAndSetupDomain (520ms)
		LoadAssemblies (386ms)
		RebuildTransferFunctionScriptingTraits (0ms)
		AnalyzeDomain (233ms)
			TypeCache.Refresh (8ms)
				TypeCache.ScanAssembly (0ms)
			BuildScriptInfoCaches (211ms)
			ResolveRequiredComponents (12ms)
	FinalizeReload (1111ms)
		ReleaseScriptCaches (0ms)
		RebuildScriptCaches (0ms)
		SetupLoadedEditorAssemblies (779ms)
			LogAssemblyErrors (0ms)
			InitializePlatformSupportModulesInManaged (13ms)
			SetLoadedEditorAssemblies (5ms)
			BeforeProcessingInitializeOnLoad (136ms)
			ProcessInitializeOnLoadAttributes (546ms)
			ProcessInitializeOnLoadMethodAttributes (70ms)
			AfterProcessingInitializeOnLoad (8ms)
			EditorAssembliesLoaded (0ms)
		ExecutionOrderSort2 (0ms)
		AwakeInstancesAfterBackupRestoration (12ms)
Refreshing native plugins compatible for Editor in 1.35 ms, found 4 plugins.
Preloading 0 native plugins for Editor in 0.00 ms.
Unloading 13 Unused Serialized files (Serialized files now loaded: 0)
Unloading 6523 unused Assets / (4.4 MB). Loaded Objects now: 7420.
Memory consumption went from 174.3 MB to 169.9 MB.
Total: 9.822600 ms (FindLiveObjects: 0.865500 ms CreateObjectMapping: 1.246400 ms MarkObjects: 5.114400 ms  DeleteObjects: 2.595200 ms)

Prepare: number of updated asset objects reloaded= 0
========================================================================
Received Prepare
Begin MonoManager ReloadAssembly
- Loaded All Assemblies, in  0.858 seconds
Refreshing native plugins compatible for Editor in 1.28 ms, found 4 plugins.
Native extension for AppleTV target not found
Native extension for Android target not found
Native extension for WindowsStandalone target not found
Mono: successfully reloaded assembly
- Finished resetting the current domain, in  1.185 seconds
Domain Reload Profiling: 2045ms
	BeginReloadAssembly (220ms)
		ExecutionOrderSort (0ms)
		DisableScriptedObjects (16ms)
		BackupInstance (0ms)
		ReleaseScriptingObjects (0ms)
		CreateAndSetChildDomain (57ms)
	RebuildCommonClasses (36ms)
	RebuildNativeTypeToScriptingClass (13ms)
	initialDomainReloadingComplete (32ms)
	LoadAllAssembliesAndSetupDomain (557ms)
		LoadAssemblies (395ms)
		RebuildTransferFunctionScriptingTraits (0ms)
		AnalyzeDomain (261ms)
			TypeCache.Refresh (8ms)
				TypeCache.ScanAssembly (0ms)
			BuildScriptInfoCaches (236ms)
			ResolveRequiredComponents (13ms)
	FinalizeReload (1186ms)
		ReleaseScriptCaches (0ms)
		RebuildScriptCaches (0ms)
		SetupLoadedEditorAssemblies (836ms)
			LogAssemblyErrors (0ms)
			InitializePlatformSupportModulesInManaged (14ms)
			SetLoadedEditorAssemblies (5ms)
			BeforeProcessingInitializeOnLoad (149ms)
			ProcessInitializeOnLoadAttributes (584ms)
			ProcessInitializeOnLoadMethodAttributes (72ms)
			AfterProcessingInitializeOnLoad (11ms)
			EditorAssembliesLoaded (0ms)
		ExecutionOrderSort2 (0ms)
		AwakeInstancesAfterBackupRestoration (15ms)
Refreshing native plugins compatible for Editor in 1.44 ms, found 4 plugins.
Preloading 0 native plugins for Editor in 0.00 ms.
Unloading 13 Unused Serialized files (Serialized files now loaded: 0)
Unloading 6523 unused Assets / (4.4 MB). Loaded Objects now: 7422.
Memory consumption went from 174.3 MB to 169.9 MB.
Total: 11.652100 ms (FindLiveObjects: 0.919000 ms CreateObjectMapping: 1.442100 ms MarkObjects: 5.911200 ms  DeleteObjects: 3.378800 ms)

Prepare: number of updated asset objects reloaded= 0
