Using pre-set license
Built from '6000.0/staging' branch; Version is '6000.0.26f1 (ccb7c73d2c02) revision 13416391'; Using compiler version '193933523'; Build Type 'Release'
OS: 'Windows 11  (10.0.22631) 64bit Professional' Language: 'de' Physical Memory: 32645 MB
BatchMode: 1, IsHumanControllingUs: 0, StartBugReporterOnCrash: 0, Is64bit: 1, IsPro: 1

COMMAND LINE ARGUMENTS:
C:\Program Files\Unity\Hub\Editor\6000.0.26f1\Editor\Unity.exe
-adb2
-batchMode
-noUpm
-name
AssetImportWorker3
-projectPath
C:/Data/GIT/Unity6Test1/My project
-logFile
Logs/AssetImportWorker3.log
-srvPort
50883
-job-worker-count
5
-background-job-worker-count
8
-asset-garbage-collectors
1
Successfully changed project path to: C:/Data/GIT/Unity6Test1/My project
C:/Data/GIT/Unity6Test1/My project
[UnityMemory] Configuration Parameters - Can be set up in boot.config
    "memorysetup-bucket-allocator-granularity=16"
    "memorysetup-bucket-allocator-bucket-count=8"
    "memorysetup-bucket-allocator-block-size=33554432"
    "memorysetup-bucket-allocator-block-count=8"
    "memorysetup-main-allocator-block-size=16777216"
    "memorysetup-thread-allocator-block-size=16777216"
    "memorysetup-gfx-main-allocator-block-size=16777216"
    "memorysetup-gfx-thread-allocator-block-size=16777216"
    "memorysetup-cache-allocator-block-size=4194304"
    "memorysetup-typetree-allocator-block-size=2097152"
    "memorysetup-profiler-bucket-allocator-granularity=16"
    "memorysetup-profiler-bucket-allocator-bucket-count=8"
    "memorysetup-profiler-bucket-allocator-block-size=33554432"
    "memorysetup-profiler-bucket-allocator-block-count=8"
    "memorysetup-profiler-allocator-block-size=16777216"
    "memorysetup-profiler-editor-allocator-block-size=1048576"
    "memorysetup-temp-allocator-size-main=16777216"
    "memorysetup-job-temp-allocator-block-size=2097152"
    "memorysetup-job-temp-allocator-block-size-background=1048576"
    "memorysetup-job-temp-allocator-reduction-small-platforms=262144"
    "memorysetup-allocator-temp-initial-block-size-main=262144"
    "memorysetup-allocator-temp-initial-block-size-worker=262144"
    "memorysetup-temp-allocator-size-background-worker=32768"
    "memorysetup-temp-allocator-size-job-worker=262144"
    "memorysetup-temp-allocator-size-preload-manager=33554432"
    "memorysetup-temp-allocator-size-nav-mesh-worker=65536"
    "memorysetup-temp-allocator-size-audio-worker=65536"
    "memorysetup-temp-allocator-size-cloud-worker=32768"
    "memorysetup-temp-allocator-size-gi-baking-worker=262144"
    "memorysetup-temp-allocator-size-gi-baking-worker=262144"
    "memorysetup-temp-allocator-size-gi-baking-worker=262144"
    "memorysetup-temp-allocator-size-gi-baking-worker=262144"
    "memorysetup-temp-allocator-size-gi-baking-worker=262144"
    "memorysetup-temp-allocator-size-gfx=262144"
Player connection [29824]  Target information:

Player connection [29824]  * "[IP] 192.168.1.115 [Port] 0 [Flags] 2 [Guid] 4232039057 [EditorId] 4232039057 [Version] 1048832 [Id] WindowsEditor(7,RomDesktop) [Debug] 1 [PackageName] WindowsEditor [ProjectName] Editor" 

Player connection [29824] Host joined multi-casting on [225.0.0.222:54997]...
Player connection [29824] Host joined alternative multi-casting on [225.0.0.222:34997]...
JobSystem: Creating JobQueue using job-worker-count value 5
[Physics::Module] Initialized fallback backend.
[Physics::Module] Id: 0xdecafbad
Library Redirect Path: Library/
[Physics::Module] Selected backend.
[Physics::Module] Name: PhysX
[Physics::Module] Id: 0xf2b8ea05
[Physics::Module] SDK Version: 4.1.2
[Physics::Module] Integration Version: 1.0.0
[Physics::Module] Threading Mode: Multi-Threaded
Refreshing native plugins compatible for Editor in 2.24 ms, found 4 plugins.
Preloading 0 native plugins for Editor in 0.00 ms.
Initialize engine version: 6000.0.26f1 (ccb7c73d2c02)
[Subsystems] Discovering subsystems at path C:/Program Files/Unity/Hub/Editor/6000.0.26f1/Editor/Data/Resources/UnitySubsystems
[Subsystems] Discovering subsystems at path C:/Data/GIT/Unity6Test1/My project/Assets
GfxDevice: creating device client; kGfxThreadingModeNonThreaded
Direct3D:
    Version:  Direct3D 11.0 [level 11.1]
    Renderer: NVIDIA GeForce RTX 3080 (ID=0x2206)
    Vendor:   NVIDIA
    VRAM:     10053 MB
    Driver:   32.0.15.6614
Initialize mono
Mono path[0] = 'C:/Program Files/Unity/Hub/Editor/6000.0.26f1/Editor/Data/Managed'
Mono path[1] = 'C:/Program Files/Unity/Hub/Editor/6000.0.26f1/Editor/Data/MonoBleedingEdge/lib/mono/unityjit-win32'
Mono config path = 'C:/Program Files/Unity/Hub/Editor/6000.0.26f1/Editor/Data/MonoBleedingEdge/etc'
Using monoOptions --debugger-agent=transport=dt_socket,embedding=1,server=y,suspend=n,address=127.0.0.1:56540
Begin MonoManager ReloadAssembly
Registering precompiled unity dll's ...
Register platform support module: C:/Program Files/Unity/Hub/Editor/6000.0.26f1/Editor/Data/PlaybackEngines/WindowsStandaloneSupport/UnityEditor.WindowsStandalone.Extensions.dll
Register platform support module: C:/Program Files/Unity/Hub/Editor/6000.0.26f1/Editor/Data/PlaybackEngines/AndroidPlayer/UnityEditor.Android.Extensions.dll
Register platform support module: C:/Program Files/Unity/Hub/Editor/6000.0.26f1/Editor/Data/PlaybackEngines/AppleTVSupport/UnityEditor.AppleTV.Extensions.dll
Registered in 0.003534 seconds.
- Loaded All Assemblies, in  0.397 seconds
[usbmuxd] Start listen thread
[usbmuxd] Listen thread started
Native extension for AppleTV target not found
Native extension for Android target not found
Android Extension - Scanning For ADB Devices 186 ms
Native extension for WindowsStandalone target not found
Mono: successfully reloaded assembly
- Finished resetting the current domain, in  0.574 seconds
Domain Reload Profiling: 970ms
	BeginReloadAssembly (130ms)
		ExecutionOrderSort (0ms)
		DisableScriptedObjects (0ms)
		BackupInstance (0ms)
		ReleaseScriptingObjects (0ms)
		CreateAndSetChildDomain (1ms)
	RebuildCommonClasses (38ms)
	RebuildNativeTypeToScriptingClass (12ms)
	initialDomainReloadingComplete (47ms)
	LoadAllAssembliesAndSetupDomain (167ms)
		LoadAssemblies (129ms)
		RebuildTransferFunctionScriptingTraits (0ms)
		AnalyzeDomain (164ms)
			TypeCache.Refresh (162ms)
				TypeCache.ScanAssembly (148ms)
			BuildScriptInfoCaches (0ms)
			ResolveRequiredComponents (1ms)
	FinalizeReload (575ms)
		ReleaseScriptCaches (0ms)
		RebuildScriptCaches (0ms)
		SetupLoadedEditorAssemblies (528ms)
			LogAssemblyErrors (0ms)
			InitializePlatformSupportModulesInManaged (290ms)
			SetLoadedEditorAssemblies (4ms)
			BeforeProcessingInitializeOnLoad (7ms)
			ProcessInitializeOnLoadAttributes (137ms)
			ProcessInitializeOnLoadMethodAttributes (66ms)
			AfterProcessingInitializeOnLoad (24ms)
			EditorAssembliesLoaded (0ms)
		ExecutionOrderSort2 (0ms)
		AwakeInstancesAfterBackupRestoration (0ms)
========================================================================
Worker process is ready to serve import requests
Import Worker Mode flag is 0x00
Begin MonoManager ReloadAssembly
- Loaded All Assemblies, in  1.156 seconds
Refreshing native plugins compatible for Editor in 1.29 ms, found 4 plugins.
Native extension for AppleTV target not found
Native extension for Android target not found
Native extension for WindowsStandalone target not found
Mono: successfully reloaded assembly
- Finished resetting the current domain, in  1.045 seconds
Domain Reload Profiling: 2198ms
	BeginReloadAssembly (404ms)
		ExecutionOrderSort (0ms)
		DisableScriptedObjects (6ms)
		BackupInstance (0ms)
		ReleaseScriptingObjects (0ms)
		CreateAndSetChildDomain (34ms)
	RebuildCommonClasses (37ms)
	RebuildNativeTypeToScriptingClass (12ms)
	initialDomainReloadingComplete (38ms)
	LoadAllAssembliesAndSetupDomain (661ms)
		LoadAssemblies (423ms)
		RebuildTransferFunctionScriptingTraits (0ms)
		AnalyzeDomain (340ms)
			TypeCache.Refresh (239ms)
				TypeCache.ScanAssembly (216ms)
			BuildScriptInfoCaches (85ms)
			ResolveRequiredComponents (12ms)
	FinalizeReload (1045ms)
		ReleaseScriptCaches (0ms)
		RebuildScriptCaches (0ms)
		SetupLoadedEditorAssemblies (790ms)
			LogAssemblyErrors (0ms)
			InitializePlatformSupportModulesInManaged (15ms)
			SetLoadedEditorAssemblies (5ms)
			BeforeProcessingInitializeOnLoad (133ms)
			ProcessInitializeOnLoadAttributes (512ms)
			ProcessInitializeOnLoadMethodAttributes (117ms)
			AfterProcessingInitializeOnLoad (8ms)
			EditorAssembliesLoaded (0ms)
		ExecutionOrderSort2 (0ms)
		AwakeInstancesAfterBackupRestoration (6ms)
Launched and connected shader compiler UnityShaderCompiler.exe after 0.01 seconds
Refreshing native plugins compatible for Editor in 1.39 ms, found 4 plugins.
Preloading 0 native plugins for Editor in 0.00 ms.
Unloading 206 Unused Serialized files (Serialized files now loaded: 0)
Unloading 6525 unused Assets / (4.7 MB). Loaded Objects now: 7309.
Memory consumption went from 200.5 MB to 195.8 MB.
Total: 9.913200 ms (FindLiveObjects: 0.817400 ms CreateObjectMapping: 1.181600 ms MarkObjects: 5.121000 ms  DeleteObjects: 2.792300 ms)

========================================================================
Received Prepare
Begin MonoManager ReloadAssembly
- Loaded All Assemblies, in  0.890 seconds
Refreshing native plugins compatible for Editor in 1.30 ms, found 4 plugins.
Native extension for AppleTV target not found
Native extension for Android target not found
Native extension for WindowsStandalone target not found
Mono: successfully reloaded assembly
- Finished resetting the current domain, in  1.256 seconds
Domain Reload Profiling: 2146ms
	BeginReloadAssembly (252ms)
		ExecutionOrderSort (0ms)
		DisableScriptedObjects (20ms)
		BackupInstance (0ms)
		ReleaseScriptingObjects (0ms)
		CreateAndSetChildDomain (62ms)
	RebuildCommonClasses (43ms)
	RebuildNativeTypeToScriptingClass (16ms)
	initialDomainReloadingComplete (28ms)
	LoadAllAssembliesAndSetupDomain (550ms)
		LoadAssemblies (414ms)
		RebuildTransferFunctionScriptingTraits (0ms)
		AnalyzeDomain (252ms)
			TypeCache.Refresh (9ms)
				TypeCache.ScanAssembly (0ms)
			BuildScriptInfoCaches (225ms)
			ResolveRequiredComponents (14ms)
	FinalizeReload (1256ms)
		ReleaseScriptCaches (0ms)
		RebuildScriptCaches (0ms)
		SetupLoadedEditorAssemblies (894ms)
			LogAssemblyErrors (0ms)
			InitializePlatformSupportModulesInManaged (17ms)
			SetLoadedEditorAssemblies (6ms)
			BeforeProcessingInitializeOnLoad (160ms)
			ProcessInitializeOnLoadAttributes (627ms)
			ProcessInitializeOnLoadMethodAttributes (75ms)
			AfterProcessingInitializeOnLoad (8ms)
			EditorAssembliesLoaded (0ms)
		ExecutionOrderSort2 (0ms)
		AwakeInstancesAfterBackupRestoration (16ms)
Refreshing native plugins compatible for Editor in 1.38 ms, found 4 plugins.
Preloading 0 native plugins for Editor in 0.00 ms.
Unloading 13 Unused Serialized files (Serialized files now loaded: 0)
Unloading 6523 unused Assets / (4.4 MB). Loaded Objects now: 7312.
Memory consumption went from 169.3 MB to 164.9 MB.
Total: 10.082800 ms (FindLiveObjects: 0.841000 ms CreateObjectMapping: 1.286600 ms MarkObjects: 4.735800 ms  DeleteObjects: 3.218000 ms)

Prepare: number of updated asset objects reloaded= 0
========================================================================
Received Prepare
Begin MonoManager ReloadAssembly
- Loaded All Assemblies, in  0.878 seconds
Refreshing native plugins compatible for Editor in 1.33 ms, found 4 plugins.
Native extension for AppleTV target not found
Native extension for Android target not found
Native extension for WindowsStandalone target not found
Mono: successfully reloaded assembly
- Finished resetting the current domain, in  1.176 seconds
Domain Reload Profiling: 2053ms
	BeginReloadAssembly (249ms)
		ExecutionOrderSort (0ms)
		DisableScriptedObjects (17ms)
		BackupInstance (0ms)
		ReleaseScriptingObjects (0ms)
		CreateAndSetChildDomain (65ms)
	RebuildCommonClasses (39ms)
	RebuildNativeTypeToScriptingClass (14ms)
	initialDomainReloadingComplete (30ms)
	LoadAllAssembliesAndSetupDomain (544ms)
		LoadAssemblies (420ms)
		RebuildTransferFunctionScriptingTraits (0ms)
		AnalyzeDomain (245ms)
			TypeCache.Refresh (8ms)
				TypeCache.ScanAssembly (0ms)
			BuildScriptInfoCaches (222ms)
			ResolveRequiredComponents (12ms)
	FinalizeReload (1177ms)
		ReleaseScriptCaches (0ms)
		RebuildScriptCaches (0ms)
		SetupLoadedEditorAssemblies (794ms)
			LogAssemblyErrors (0ms)
			InitializePlatformSupportModulesInManaged (20ms)
			SetLoadedEditorAssemblies (5ms)
			BeforeProcessingInitializeOnLoad (137ms)
			ProcessInitializeOnLoadAttributes (553ms)
			ProcessInitializeOnLoadMethodAttributes (68ms)
			AfterProcessingInitializeOnLoad (11ms)
			EditorAssembliesLoaded (0ms)
		ExecutionOrderSort2 (0ms)
		AwakeInstancesAfterBackupRestoration (15ms)
Refreshing native plugins compatible for Editor in 1.40 ms, found 4 plugins.
Preloading 0 native plugins for Editor in 0.00 ms.
Unloading 13 Unused Serialized files (Serialized files now loaded: 0)
Unloading 6523 unused Assets / (4.4 MB). Loaded Objects now: 7314.
Memory consumption went from 169.3 MB to 164.9 MB.
Total: 13.020900 ms (FindLiveObjects: 0.876600 ms CreateObjectMapping: 1.599300 ms MarkObjects: 7.866700 ms  DeleteObjects: 2.676900 ms)

Prepare: number of updated asset objects reloaded= 0
========================================================================
Received Prepare
Begin MonoManager ReloadAssembly
- Loaded All Assemblies, in  0.854 seconds
Refreshing native plugins compatible for Editor in 1.29 ms, found 4 plugins.
Native extension for AppleTV target not found
Native extension for Android target not found
Native extension for WindowsStandalone target not found
Mono: successfully reloaded assembly
- Finished resetting the current domain, in  1.078 seconds
Domain Reload Profiling: 1933ms
	BeginReloadAssembly (227ms)
		ExecutionOrderSort (0ms)
		DisableScriptedObjects (16ms)
		BackupInstance (0ms)
		ReleaseScriptingObjects (0ms)
		CreateAndSetChildDomain (59ms)
	RebuildCommonClasses (40ms)
	RebuildNativeTypeToScriptingClass (16ms)
	initialDomainReloadingComplete (30ms)
	LoadAllAssembliesAndSetupDomain (542ms)
		LoadAssemblies (398ms)
		RebuildTransferFunctionScriptingTraits (0ms)
		AnalyzeDomain (249ms)
			TypeCache.Refresh (8ms)
				TypeCache.ScanAssembly (0ms)
			BuildScriptInfoCaches (224ms)
			ResolveRequiredComponents (13ms)
	FinalizeReload (1078ms)
		ReleaseScriptCaches (0ms)
		RebuildScriptCaches (0ms)
		SetupLoadedEditorAssemblies (757ms)
			LogAssemblyErrors (0ms)
			InitializePlatformSupportModulesInManaged (14ms)
			SetLoadedEditorAssemblies (5ms)
			BeforeProcessingInitializeOnLoad (142ms)
			ProcessInitializeOnLoadAttributes (521ms)
			ProcessInitializeOnLoadMethodAttributes (68ms)
			AfterProcessingInitializeOnLoad (7ms)
			EditorAssembliesLoaded (0ms)
		ExecutionOrderSort2 (0ms)
		AwakeInstancesAfterBackupRestoration (13ms)
Refreshing native plugins compatible for Editor in 1.46 ms, found 4 plugins.
Preloading 0 native plugins for Editor in 0.00 ms.
Unloading 13 Unused Serialized files (Serialized files now loaded: 0)
Unloading 6523 unused Assets / (4.4 MB). Loaded Objects now: 7316.
Memory consumption went from 169.3 MB to 164.9 MB.
Total: 9.816000 ms (FindLiveObjects: 0.850500 ms CreateObjectMapping: 1.267200 ms MarkObjects: 4.867300 ms  DeleteObjects: 2.830100 ms)

Prepare: number of updated asset objects reloaded= 0
========================================================================
Received Prepare
Begin MonoManager ReloadAssembly
- Loaded All Assemblies, in  0.869 seconds
Refreshing native plugins compatible for Editor in 1.37 ms, found 4 plugins.
Native extension for AppleTV target not found
Native extension for Android target not found
Native extension for WindowsStandalone target not found
Mono: successfully reloaded assembly
- Finished resetting the current domain, in  1.137 seconds
Domain Reload Profiling: 2006ms
	BeginReloadAssembly (235ms)
		ExecutionOrderSort (0ms)
		DisableScriptedObjects (18ms)
		BackupInstance (0ms)
		ReleaseScriptingObjects (0ms)
		CreateAndSetChildDomain (60ms)
	RebuildCommonClasses (39ms)
	RebuildNativeTypeToScriptingClass (17ms)
	initialDomainReloadingComplete (28ms)
	LoadAllAssembliesAndSetupDomain (549ms)
		LoadAssemblies (422ms)
		RebuildTransferFunctionScriptingTraits (0ms)
		AnalyzeDomain (236ms)
			TypeCache.Refresh (9ms)
				TypeCache.ScanAssembly (0ms)
			BuildScriptInfoCaches (212ms)
			ResolveRequiredComponents (12ms)
	FinalizeReload (1137ms)
		ReleaseScriptCaches (0ms)
		RebuildScriptCaches (0ms)
		SetupLoadedEditorAssemblies (824ms)
			LogAssemblyErrors (0ms)
			InitializePlatformSupportModulesInManaged (15ms)
			SetLoadedEditorAssemblies (5ms)
			BeforeProcessingInitializeOnLoad (143ms)
			ProcessInitializeOnLoadAttributes (582ms)
			ProcessInitializeOnLoadMethodAttributes (71ms)
			AfterProcessingInitializeOnLoad (8ms)
			EditorAssembliesLoaded (0ms)
		ExecutionOrderSort2 (0ms)
		AwakeInstancesAfterBackupRestoration (12ms)
Refreshing native plugins compatible for Editor in 2.00 ms, found 4 plugins.
Preloading 0 native plugins for Editor in 0.00 ms.
Unloading 13 Unused Serialized files (Serialized files now loaded: 0)
Unloading 6523 unused Assets / (4.3 MB). Loaded Objects now: 7318.
Memory consumption went from 169.3 MB to 165.0 MB.
Total: 12.179800 ms (FindLiveObjects: 0.874000 ms CreateObjectMapping: 1.427800 ms MarkObjects: 7.196300 ms  DeleteObjects: 2.680700 ms)

Prepare: number of updated asset objects reloaded= 0
========================================================================
Received Prepare
Begin MonoManager ReloadAssembly
- Loaded All Assemblies, in  0.856 seconds
Refreshing native plugins compatible for Editor in 1.27 ms, found 4 plugins.
Native extension for AppleTV target not found
Native extension for Android target not found
Native extension for WindowsStandalone target not found
Mono: successfully reloaded assembly
- Finished resetting the current domain, in  1.057 seconds
Domain Reload Profiling: 1913ms
	BeginReloadAssembly (253ms)
		ExecutionOrderSort (0ms)
		DisableScriptedObjects (17ms)
		BackupInstance (0ms)
		ReleaseScriptingObjects (0ms)
		CreateAndSetChildDomain (68ms)
	RebuildCommonClasses (40ms)
	RebuildNativeTypeToScriptingClass (17ms)
	initialDomainReloadingComplete (30ms)
	LoadAllAssembliesAndSetupDomain (516ms)
		LoadAssemblies (400ms)
		RebuildTransferFunctionScriptingTraits (0ms)
		AnalyzeDomain (233ms)
			TypeCache.Refresh (8ms)
				TypeCache.ScanAssembly (0ms)
			BuildScriptInfoCaches (210ms)
			ResolveRequiredComponents (12ms)
	FinalizeReload (1058ms)
		ReleaseScriptCaches (0ms)
		RebuildScriptCaches (0ms)
		SetupLoadedEditorAssemblies (746ms)
			LogAssemblyErrors (0ms)
			InitializePlatformSupportModulesInManaged (14ms)
			SetLoadedEditorAssemblies (5ms)
			BeforeProcessingInitializeOnLoad (143ms)
			ProcessInitializeOnLoadAttributes (515ms)
			ProcessInitializeOnLoadMethodAttributes (62ms)
			AfterProcessingInitializeOnLoad (7ms)
			EditorAssembliesLoaded (0ms)
		ExecutionOrderSort2 (0ms)
		AwakeInstancesAfterBackupRestoration (13ms)
Refreshing native plugins compatible for Editor in 1.35 ms, found 4 plugins.
Preloading 0 native plugins for Editor in 0.00 ms.
Unloading 13 Unused Serialized files (Serialized files now loaded: 0)
Unloading 6523 unused Assets / (4.4 MB). Loaded Objects now: 7320.
Memory consumption went from 169.2 MB to 164.8 MB.
Total: 9.892600 ms (FindLiveObjects: 0.840900 ms CreateObjectMapping: 1.281000 ms MarkObjects: 5.201600 ms  DeleteObjects: 2.567600 ms)

Prepare: number of updated asset objects reloaded= 0
========================================================================
Received Prepare
Refreshing native plugins compatible for Editor in 2.06 ms, found 4 plugins.
Preloading 0 native plugins for Editor in 0.00 ms.
Unloading 13 Unused Serialized files (Serialized files now loaded: 0)
Unloading 6512 unused Assets / (4.7 MB). Loaded Objects now: 7320.
Memory consumption went from 169.4 MB to 164.7 MB.
Total: 73.913200 ms (FindLiveObjects: 8.947400 ms CreateObjectMapping: 8.830000 ms MarkObjects: 43.189600 ms  DeleteObjects: 12.944100 ms)

Prepare: number of updated asset objects reloaded= 0
========================================================================
Received Prepare
Begin MonoManager ReloadAssembly
- Loaded All Assemblies, in  0.878 seconds
Refreshing native plugins compatible for Editor in 1.38 ms, found 4 plugins.
Native extension for AppleTV target not found
Native extension for Android target not found
Native extension for WindowsStandalone target not found
Mono: successfully reloaded assembly
- Finished resetting the current domain, in  1.091 seconds
Domain Reload Profiling: 1970ms
	BeginReloadAssembly (232ms)
		ExecutionOrderSort (0ms)
		DisableScriptedObjects (16ms)
		BackupInstance (0ms)
		ReleaseScriptingObjects (0ms)
		CreateAndSetChildDomain (61ms)
	RebuildCommonClasses (38ms)
	RebuildNativeTypeToScriptingClass (18ms)
	initialDomainReloadingComplete (32ms)
	LoadAllAssembliesAndSetupDomain (557ms)
		LoadAssemblies (406ms)
		RebuildTransferFunctionScriptingTraits (0ms)
		AnalyzeDomain (257ms)
			TypeCache.Refresh (15ms)
				TypeCache.ScanAssembly (0ms)
			BuildScriptInfoCaches (227ms)
			ResolveRequiredComponents (12ms)
	FinalizeReload (1092ms)
		ReleaseScriptCaches (0ms)
		RebuildScriptCaches (0ms)
		SetupLoadedEditorAssemblies (768ms)
			LogAssemblyErrors (0ms)
			InitializePlatformSupportModulesInManaged (20ms)
			SetLoadedEditorAssemblies (8ms)
			BeforeProcessingInitializeOnLoad (140ms)
			ProcessInitializeOnLoadAttributes (524ms)
			ProcessInitializeOnLoadMethodAttributes (64ms)
			AfterProcessingInitializeOnLoad (12ms)
			EditorAssembliesLoaded (0ms)
		ExecutionOrderSort2 (0ms)
		AwakeInstancesAfterBackupRestoration (16ms)
Refreshing native plugins compatible for Editor in 1.41 ms, found 4 plugins.
Preloading 0 native plugins for Editor in 0.00 ms.
Unloading 13 Unused Serialized files (Serialized files now loaded: 0)
Unloading 6523 unused Assets / (4.4 MB). Loaded Objects now: 7322.
Memory consumption went from 169.3 MB to 164.9 MB.
Total: 10.649400 ms (FindLiveObjects: 0.874900 ms CreateObjectMapping: 1.258400 ms MarkObjects: 5.832100 ms  DeleteObjects: 2.682600 ms)

Prepare: number of updated asset objects reloaded= 0
========================================================================
Received Prepare
Begin MonoManager ReloadAssembly
- Loaded All Assemblies, in  0.869 seconds
Refreshing native plugins compatible for Editor in 2.02 ms, found 4 plugins.
Native extension for AppleTV target not found
Native extension for Android target not found
Native extension for WindowsStandalone target not found
Mono: successfully reloaded assembly
- Finished resetting the current domain, in  1.360 seconds
Domain Reload Profiling: 2229ms
	BeginReloadAssembly (238ms)
		ExecutionOrderSort (0ms)
		DisableScriptedObjects (20ms)
		BackupInstance (0ms)
		ReleaseScriptingObjects (0ms)
		CreateAndSetChildDomain (63ms)
	RebuildCommonClasses (38ms)
	RebuildNativeTypeToScriptingClass (20ms)
	initialDomainReloadingComplete (28ms)
	LoadAllAssembliesAndSetupDomain (545ms)
		LoadAssemblies (399ms)
		RebuildTransferFunctionScriptingTraits (0ms)
		AnalyzeDomain (252ms)
			TypeCache.Refresh (11ms)
				TypeCache.ScanAssembly (0ms)
			BuildScriptInfoCaches (222ms)
			ResolveRequiredComponents (14ms)
	FinalizeReload (1360ms)
		ReleaseScriptCaches (0ms)
		RebuildScriptCaches (0ms)
		SetupLoadedEditorAssemblies (987ms)
			LogAssemblyErrors (0ms)
			InitializePlatformSupportModulesInManaged (19ms)
			SetLoadedEditorAssemblies (6ms)
			BeforeProcessingInitializeOnLoad (211ms)
			ProcessInitializeOnLoadAttributes (653ms)
			ProcessInitializeOnLoadMethodAttributes (87ms)
			AfterProcessingInitializeOnLoad (11ms)
			EditorAssembliesLoaded (0ms)
		ExecutionOrderSort2 (0ms)
		AwakeInstancesAfterBackupRestoration (16ms)
Refreshing native plugins compatible for Editor in 1.44 ms, found 4 plugins.
Preloading 0 native plugins for Editor in 0.00 ms.
Unloading 13 Unused Serialized files (Serialized files now loaded: 0)
Unloading 6523 unused Assets / (4.6 MB). Loaded Objects now: 7324.
Memory consumption went from 169.3 MB to 164.7 MB.
Total: 13.545600 ms (FindLiveObjects: 1.017900 ms CreateObjectMapping: 1.639400 ms MarkObjects: 6.933000 ms  DeleteObjects: 3.954200 ms)

Prepare: number of updated asset objects reloaded= 0
========================================================================
Received Prepare
Begin MonoManager ReloadAssembly
- Loaded All Assemblies, in  0.859 seconds
Refreshing native plugins compatible for Editor in 1.31 ms, found 4 plugins.
Native extension for AppleTV target not found
Native extension for Android target not found
Native extension for WindowsStandalone target not found
Mono: successfully reloaded assembly
- Finished resetting the current domain, in  1.328 seconds
Domain Reload Profiling: 2189ms
	BeginReloadAssembly (240ms)
		ExecutionOrderSort (0ms)
		DisableScriptedObjects (16ms)
		BackupInstance (0ms)
		ReleaseScriptingObjects (0ms)
		CreateAndSetChildDomain (58ms)
	RebuildCommonClasses (43ms)
	RebuildNativeTypeToScriptingClass (14ms)
	initialDomainReloadingComplete (27ms)
	LoadAllAssembliesAndSetupDomain (536ms)
		LoadAssemblies (406ms)
		RebuildTransferFunctionScriptingTraits (0ms)
		AnalyzeDomain (250ms)
			TypeCache.Refresh (11ms)
				TypeCache.ScanAssembly (0ms)
			BuildScriptInfoCaches (224ms)
			ResolveRequiredComponents (12ms)
	FinalizeReload (1329ms)
		ReleaseScriptCaches (0ms)
		RebuildScriptCaches (0ms)
		SetupLoadedEditorAssemblies (952ms)
			LogAssemblyErrors (0ms)
			InitializePlatformSupportModulesInManaged (16ms)
			SetLoadedEditorAssemblies (8ms)
			BeforeProcessingInitializeOnLoad (153ms)
			ProcessInitializeOnLoadAttributes (674ms)
			ProcessInitializeOnLoadMethodAttributes (89ms)
			AfterProcessingInitializeOnLoad (11ms)
			EditorAssembliesLoaded (0ms)
		ExecutionOrderSort2 (0ms)
		AwakeInstancesAfterBackupRestoration (15ms)
Refreshing native plugins compatible for Editor in 1.94 ms, found 4 plugins.
Preloading 0 native plugins for Editor in 0.00 ms.
Unloading 13 Unused Serialized files (Serialized files now loaded: 0)
Unloading 6523 unused Assets / (4.2 MB). Loaded Objects now: 7326.
Memory consumption went from 169.3 MB to 165.1 MB.
Total: 13.919300 ms (FindLiveObjects: 1.056000 ms CreateObjectMapping: 1.713400 ms MarkObjects: 7.726900 ms  DeleteObjects: 3.421900 ms)

Prepare: number of updated asset objects reloaded= 0
========================================================================
Received Prepare
Refreshing native plugins compatible for Editor in 1.40 ms, found 4 plugins.
Preloading 0 native plugins for Editor in 0.00 ms.
Unloading 13 Unused Serialized files (Serialized files now loaded: 0)
Unloading 6512 unused Assets / (4.1 MB). Loaded Objects now: 7326.
Memory consumption went from 169.4 MB to 165.3 MB.
Total: 11.816400 ms (FindLiveObjects: 0.892100 ms CreateObjectMapping: 1.287200 ms MarkObjects: 6.758100 ms  DeleteObjects: 2.877600 ms)

Prepare: number of updated asset objects reloaded= 0
========================================================================
Received Prepare
Begin MonoManager ReloadAssembly
- Loaded All Assemblies, in  0.861 seconds
Refreshing native plugins compatible for Editor in 1.49 ms, found 4 plugins.
Native extension for AppleTV target not found
Native extension for Android target not found
Native extension for WindowsStandalone target not found
Mono: successfully reloaded assembly
- Finished resetting the current domain, in  1.103 seconds
Domain Reload Profiling: 1965ms
	BeginReloadAssembly (233ms)
		ExecutionOrderSort (0ms)
		DisableScriptedObjects (16ms)
		BackupInstance (0ms)
		ReleaseScriptingObjects (0ms)
		CreateAndSetChildDomain (63ms)
	RebuildCommonClasses (37ms)
	RebuildNativeTypeToScriptingClass (14ms)
	initialDomainReloadingComplete (28ms)
	LoadAllAssembliesAndSetupDomain (550ms)
		LoadAssemblies (405ms)
		RebuildTransferFunctionScriptingTraits (0ms)
		AnalyzeDomain (249ms)
			TypeCache.Refresh (11ms)
				TypeCache.ScanAssembly (0ms)
			BuildScriptInfoCaches (223ms)
			ResolveRequiredComponents (12ms)
	FinalizeReload (1104ms)
		ReleaseScriptCaches (0ms)
		RebuildScriptCaches (0ms)
		SetupLoadedEditorAssemblies (745ms)
			LogAssemblyErrors (0ms)
			InitializePlatformSupportModulesInManaged (19ms)
			SetLoadedEditorAssemblies (5ms)
			BeforeProcessingInitializeOnLoad (141ms)
			ProcessInitializeOnLoadAttributes (495ms)
			ProcessInitializeOnLoadMethodAttributes (72ms)
			AfterProcessingInitializeOnLoad (12ms)
			EditorAssembliesLoaded (0ms)
		ExecutionOrderSort2 (0ms)
		AwakeInstancesAfterBackupRestoration (16ms)
Refreshing native plugins compatible for Editor in 1.37 ms, found 4 plugins.
Preloading 0 native plugins for Editor in 0.00 ms.
Unloading 13 Unused Serialized files (Serialized files now loaded: 0)
Unloading 6523 unused Assets / (4.4 MB). Loaded Objects now: 7328.
Memory consumption went from 169.3 MB to 164.9 MB.
Total: 10.286100 ms (FindLiveObjects: 0.901900 ms CreateObjectMapping: 1.401400 ms MarkObjects: 5.403400 ms  DeleteObjects: 2.578000 ms)

Prepare: number of updated asset objects reloaded= 0
========================================================================
Received Prepare
Begin MonoManager ReloadAssembly
- Loaded All Assemblies, in  0.877 seconds
Refreshing native plugins compatible for Editor in 1.37 ms, found 4 plugins.
Native extension for AppleTV target not found
Native extension for Android target not found
Native extension for WindowsStandalone target not found
Mono: successfully reloaded assembly
- Finished resetting the current domain, in  1.248 seconds
Domain Reload Profiling: 2126ms
	BeginReloadAssembly (232ms)
		ExecutionOrderSort (0ms)
		DisableScriptedObjects (16ms)
		BackupInstance (0ms)
		ReleaseScriptingObjects (0ms)
		CreateAndSetChildDomain (63ms)
	RebuildCommonClasses (43ms)
	RebuildNativeTypeToScriptingClass (14ms)
	initialDomainReloadingComplete (26ms)
	LoadAllAssembliesAndSetupDomain (562ms)
		LoadAssemblies (412ms)
		RebuildTransferFunctionScriptingTraits (0ms)
		AnalyzeDomain (252ms)
			TypeCache.Refresh (9ms)
				TypeCache.ScanAssembly (0ms)
			BuildScriptInfoCaches (228ms)
			ResolveRequiredComponents (12ms)
	FinalizeReload (1249ms)
		ReleaseScriptCaches (0ms)
		RebuildScriptCaches (0ms)
		SetupLoadedEditorAssemblies (889ms)
			LogAssemblyErrors (0ms)
			InitializePlatformSupportModulesInManaged (14ms)
			SetLoadedEditorAssemblies (7ms)
			BeforeProcessingInitializeOnLoad (152ms)
			ProcessInitializeOnLoadAttributes (632ms)
			ProcessInitializeOnLoadMethodAttributes (74ms)
			AfterProcessingInitializeOnLoad (9ms)
			EditorAssembliesLoaded (0ms)
		ExecutionOrderSort2 (0ms)
		AwakeInstancesAfterBackupRestoration (13ms)
Refreshing native plugins compatible for Editor in 2.05 ms, found 4 plugins.
Preloading 0 native plugins for Editor in 0.00 ms.
Unloading 13 Unused Serialized files (Serialized files now loaded: 0)
Unloading 6523 unused Assets / (4.2 MB). Loaded Objects now: 7330.
Memory consumption went from 169.2 MB to 165.0 MB.
Total: 13.259000 ms (FindLiveObjects: 1.143700 ms CreateObjectMapping: 1.807800 ms MarkObjects: 6.847100 ms  DeleteObjects: 3.459000 ms)

Prepare: number of updated asset objects reloaded= 0
========================================================================
Received Import Request.
  Time since last request: 43747.203498 seconds.
  path: Assets/Tiles/IsometricOrman/Overworld - Forest - Flat 256x128_1.asset
  artifactKey: Guid(4627fe5260474c94385cd3241a11a917) Importer(815301076,1909f56bfc062723c751e8b465ee728b)
Start importing Assets/Tiles/IsometricOrman/Overworld - Forest - Flat 256x128_1.asset using Guid(4627fe5260474c94385cd3241a11a917) Importer(815301076,1909f56bfc062723c751e8b465ee728b) (PreviewImporter) -> (artifact id: '97ee7f1e06556e5d1daa815f5cc7228b') in 0.2025172 seconds
Number of updated asset objects reloaded before import = 0Number of asset objects unloaded after import = 3

========================================================================
Received Import Request.
  Time since last request: 0.000029 seconds.
  path: Assets/Tiles/IsometricOrman/Overworld - Forest - Flat 256x128_9.asset
  artifactKey: Guid(0cfa21a5468275b4fa7ea80fde1f6abc) Importer(815301076,1909f56bfc062723c751e8b465ee728b)
Start importing Assets/Tiles/IsometricOrman/Overworld - Forest - Flat 256x128_9.asset using Guid(0cfa21a5468275b4fa7ea80fde1f6abc) Importer(815301076,1909f56bfc062723c751e8b465ee728b) (PreviewImporter) -> (artifact id: '0b8b42d97397a5261db8b1aa78e485a9') in 0.0086065 seconds
Number of updated asset objects reloaded before import = 0Number of asset objects unloaded after import = 3

========================================================================
Received Import Request.
  Time since last request: 0.000031 seconds.
  path: Assets/Tiles/IsometricOrman/Overworld - Forest - Flat 256x128_17.asset
  artifactKey: Guid(400cac536b38f9047a0820399dfe0159) Importer(815301076,1909f56bfc062723c751e8b465ee728b)
Start importing Assets/Tiles/IsometricOrman/Overworld - Forest - Flat 256x128_17.asset using Guid(400cac536b38f9047a0820399dfe0159) Importer(815301076,1909f56bfc062723c751e8b465ee728b) (PreviewImporter) -> (artifact id: '5bfed2d519e23e7a468daae4c4131ad7') in 0.0083223 seconds
Number of updated asset objects reloaded before import = 0Number of asset objects unloaded after import = 3

========================================================================
Received Import Request.
  Time since last request: 0.000020 seconds.
  path: Assets/Tiles/IsometricOrman/Overworld - Forest - Flat 256x128_6.asset
  artifactKey: Guid(f904e497cdd5ba9489113e7e5dd56c4a) Importer(815301076,1909f56bfc062723c751e8b465ee728b)
Start importing Assets/Tiles/IsometricOrman/Overworld - Forest - Flat 256x128_6.asset using Guid(f904e497cdd5ba9489113e7e5dd56c4a) Importer(815301076,1909f56bfc062723c751e8b465ee728b) (PreviewImporter) -> (artifact id: '8facb793dbec6c70d9b8225df2508610') in 0.0280836 seconds
Number of updated asset objects reloaded before import = 0Number of asset objects unloaded after import = 3

========================================================================
Received Import Request.
  Time since last request: 0.000020 seconds.
  path: Assets/Tiles/IsometricOrman/Overworld - Forest - Flat 256x128_10.asset
  artifactKey: Guid(42a0cadc5691bd744b37094556e6458f) Importer(815301076,1909f56bfc062723c751e8b465ee728b)
Start importing Assets/Tiles/IsometricOrman/Overworld - Forest - Flat 256x128_10.asset using Guid(42a0cadc5691bd744b37094556e6458f) Importer(815301076,1909f56bfc062723c751e8b465ee728b) (PreviewImporter) -> (artifact id: 'f56d41efe4b7ac44c55b392774c9e621') in 0.0066124 seconds
Number of updated asset objects reloaded before import = 0Number of asset objects unloaded after import = 3

========================================================================
Received Import Request.
  Time since last request: 0.000017 seconds.
  path: Assets/Tiles/IsometricOrman/Overworld - Forest - Flat 256x128_7.asset
  artifactKey: Guid(a8d07fe3d8494144095eb7e36ae30d50) Importer(815301076,1909f56bfc062723c751e8b465ee728b)
Start importing Assets/Tiles/IsometricOrman/Overworld - Forest - Flat 256x128_7.asset using Guid(a8d07fe3d8494144095eb7e36ae30d50) Importer(815301076,1909f56bfc062723c751e8b465ee728b) (PreviewImporter) -> (artifact id: '9714fb70c4187f4195d58a545d2f6674') in 0.0064538 seconds
Number of updated asset objects reloaded before import = 0Number of asset objects unloaded after import = 3

========================================================================
Received Import Request.
  Time since last request: 0.000017 seconds.
  path: Assets/Tiles/IsometricOrman/Overworld - Forest - Flat 256x128_5.asset
  artifactKey: Guid(7acea68b5ee666746af50127989acb5e) Importer(815301076,1909f56bfc062723c751e8b465ee728b)
Start importing Assets/Tiles/IsometricOrman/Overworld - Forest - Flat 256x128_5.asset using Guid(7acea68b5ee666746af50127989acb5e) Importer(815301076,1909f56bfc062723c751e8b465ee728b) (PreviewImporter) -> (artifact id: '07835cf73348209eaa51cb58d18965c4') in 0.0056052 seconds
Number of updated asset objects reloaded before import = 0Number of asset objects unloaded after import = 3

========================================================================
Received Import Request.
  Time since last request: 0.000018 seconds.
  path: Assets/Tiles/IsometricOrman/Overworld - Forest - Flat 256x128_13.asset
  artifactKey: Guid(61fa38ab355708142b53e6c9aac49f62) Importer(815301076,1909f56bfc062723c751e8b465ee728b)
Start importing Assets/Tiles/IsometricOrman/Overworld - Forest - Flat 256x128_13.asset using Guid(61fa38ab355708142b53e6c9aac49f62) Importer(815301076,1909f56bfc062723c751e8b465ee728b) (PreviewImporter) -> (artifact id: 'f57086fdda1af61949318f68d5889e14') in 0.0059802 seconds
Number of updated asset objects reloaded before import = 0Number of asset objects unloaded after import = 3

========================================================================
Received Import Request.
  Time since last request: 0.000021 seconds.
  path: Assets/Tiles/IsometricOrman/Overworld - Forest - Flat 256x128_12.asset
  artifactKey: Guid(6d4514a66e65b7947acc40978ab4db29) Importer(815301076,1909f56bfc062723c751e8b465ee728b)
Start importing Assets/Tiles/IsometricOrman/Overworld - Forest - Flat 256x128_12.asset using Guid(6d4514a66e65b7947acc40978ab4db29) Importer(815301076,1909f56bfc062723c751e8b465ee728b) (PreviewImporter) -> (artifact id: '6368ff4c943394571af80e6f225998dd') in 0.0059091 seconds
Number of updated asset objects reloaded before import = 0Number of asset objects unloaded after import = 3

========================================================================
Received Import Request.
  Time since last request: 5.697610 seconds.
  path: Assets/Tiles/IsoOrman2/Overworld - Forest - Flat - transparent 256x128_2.asset
  artifactKey: Guid(18d11661533200045b1e4bbba6c623c4) Importer(815301076,1909f56bfc062723c751e8b465ee728b)
Start importing Assets/Tiles/IsoOrman2/Overworld - Forest - Flat - transparent 256x128_2.asset using Guid(18d11661533200045b1e4bbba6c623c4) Importer(815301076,1909f56bfc062723c751e8b465ee728b) (PreviewImporter) -> (artifact id: 'c318d1af028759a1ecbb989bb37d11fb') in 0.0077899 seconds
Number of updated asset objects reloaded before import = 0Number of asset objects unloaded after import = 3

========================================================================
Received Import Request.
  Time since last request: 0.000015 seconds.
  path: Assets/Tiles/IsoOrman2/Overworld - Forest - Flat - transparent 256x128_12.asset
  artifactKey: Guid(bba4c69fd07fe2343939834dc7638ec3) Importer(815301076,1909f56bfc062723c751e8b465ee728b)
Start importing Assets/Tiles/IsoOrman2/Overworld - Forest - Flat - transparent 256x128_12.asset using Guid(bba4c69fd07fe2343939834dc7638ec3) Importer(815301076,1909f56bfc062723c751e8b465ee728b) (PreviewImporter) -> (artifact id: '771b795ca7b26f04c6b837f36e9bcc20') in 0.0081142 seconds
Number of updated asset objects reloaded before import = 0Number of asset objects unloaded after import = 3

========================================================================
Received Import Request.
  Time since last request: 0.000021 seconds.
  path: Assets/Tiles/IsoOrman2/Overworld - Forest - Flat - transparent 256x128_16.asset
  artifactKey: Guid(f7ce36512b2dc2c4ebb0e9c130a2690f) Importer(815301076,1909f56bfc062723c751e8b465ee728b)
Start importing Assets/Tiles/IsoOrman2/Overworld - Forest - Flat - transparent 256x128_16.asset using Guid(f7ce36512b2dc2c4ebb0e9c130a2690f) Importer(815301076,1909f56bfc062723c751e8b465ee728b) (PreviewImporter) -> (artifact id: '55cd13543dc161474dac6946174472ea') in 0.0070868 seconds
Number of updated asset objects reloaded before import = 0Number of asset objects unloaded after import = 3

========================================================================
Received Import Request.
  Time since last request: 0.000021 seconds.
  path: Assets/Tiles/IsoOrman2/Overworld - Forest - Flat - transparent 256x128_15.asset
  artifactKey: Guid(a20192dcc6b75bf468b92720c3a6f2cd) Importer(815301076,1909f56bfc062723c751e8b465ee728b)
Start importing Assets/Tiles/IsoOrman2/Overworld - Forest - Flat - transparent 256x128_15.asset using Guid(a20192dcc6b75bf468b92720c3a6f2cd) Importer(815301076,1909f56bfc062723c751e8b465ee728b) (PreviewImporter) -> (artifact id: 'cf5f4b4af444044a0ea6bdad710811bc') in 0.0079009 seconds
Number of updated asset objects reloaded before import = 0Number of asset objects unloaded after import = 3

========================================================================
Received Import Request.
  Time since last request: 0.000018 seconds.
  path: Assets/Tiles/IsoOrman2/Overworld - Forest - Flat - transparent 256x128_7.asset
  artifactKey: Guid(d489519868749e74d84100e88aa9d441) Importer(815301076,1909f56bfc062723c751e8b465ee728b)
Start importing Assets/Tiles/IsoOrman2/Overworld - Forest - Flat - transparent 256x128_7.asset using Guid(d489519868749e74d84100e88aa9d441) Importer(815301076,1909f56bfc062723c751e8b465ee728b) (PreviewImporter) -> (artifact id: 'd21b98fe0794950c0859b9361e4e3f5d') in 0.0089652 seconds
Number of updated asset objects reloaded before import = 0Number of asset objects unloaded after import = 3

========================================================================
Received Import Request.
  Time since last request: 0.000015 seconds.
  path: Assets/Tiles/IsoOrman2/Overworld - Forest - Flat - transparent 256x128_6.asset
  artifactKey: Guid(c0350a4438fbf984b8a780cab97e41d8) Importer(815301076,1909f56bfc062723c751e8b465ee728b)
Start importing Assets/Tiles/IsoOrman2/Overworld - Forest - Flat - transparent 256x128_6.asset using Guid(c0350a4438fbf984b8a780cab97e41d8) Importer(815301076,1909f56bfc062723c751e8b465ee728b) (PreviewImporter) -> (artifact id: 'fc38aa5bc8b0331bfbf064a236930809') in 0.0110642 seconds
Number of updated asset objects reloaded before import = 0Number of asset objects unloaded after import = 3

========================================================================
Received Import Request.
  Time since last request: 0.991436 seconds.
  path: Assets/Tiles/IsoOrman3/Overworld - Forest - Flat - transparent 256x128_2.asset
  artifactKey: Guid(cee9985af20016b4e8b05629945c67c8) Importer(815301076,1909f56bfc062723c751e8b465ee728b)
Start importing Assets/Tiles/IsoOrman3/Overworld - Forest - Flat - transparent 256x128_2.asset using Guid(cee9985af20016b4e8b05629945c67c8) Importer(815301076,1909f56bfc062723c751e8b465ee728b) (PreviewImporter) -> (artifact id: 'b9a5c0a076c40dba7c19421683b0c2e4') in 0.0091103 seconds
Number of updated asset objects reloaded before import = 0Number of asset objects unloaded after import = 3

========================================================================
Received Import Request.
  Time since last request: 0.000021 seconds.
  path: Assets/Tiles/IsoOrman3/Overworld - Forest - Flat - transparent 256x128_17.asset
  artifactKey: Guid(9c23334335baf6244996bda565d97a3f) Importer(815301076,1909f56bfc062723c751e8b465ee728b)
Start importing Assets/Tiles/IsoOrman3/Overworld - Forest - Flat - transparent 256x128_17.asset using Guid(9c23334335baf6244996bda565d97a3f) Importer(815301076,1909f56bfc062723c751e8b465ee728b) (PreviewImporter) -> (artifact id: '2518b57b3d87afe51fd9e05405121b90') in 0.0076047 seconds
Number of updated asset objects reloaded before import = 0Number of asset objects unloaded after import = 3

========================================================================
Received Import Request.
  Time since last request: 0.000023 seconds.
  path: Assets/Tiles/IsoOrman3/Overworld - Forest - Flat - transparent 256x128_12.asset
  artifactKey: Guid(30d38b0b613b00549a76a4c30ebd552d) Importer(815301076,1909f56bfc062723c751e8b465ee728b)
Start importing Assets/Tiles/IsoOrman3/Overworld - Forest - Flat - transparent 256x128_12.asset using Guid(30d38b0b613b00549a76a4c30ebd552d) Importer(815301076,1909f56bfc062723c751e8b465ee728b) (PreviewImporter) -> (artifact id: 'a1bbb7d2db4c4309b33511852f1d328b') in 0.0069557 seconds
Number of updated asset objects reloaded before import = 0Number of asset objects unloaded after import = 3

========================================================================
Received Import Request.
  Time since last request: 0.000017 seconds.
  path: Assets/Tiles/IsoOrman3/Overworld - Forest - Flat - transparent 256x128_6.asset
  artifactKey: Guid(549e90d638aa9114ab9179858cc79834) Importer(815301076,1909f56bfc062723c751e8b465ee728b)
Start importing Assets/Tiles/IsoOrman3/Overworld - Forest - Flat - transparent 256x128_6.asset using Guid(549e90d638aa9114ab9179858cc79834) Importer(815301076,1909f56bfc062723c751e8b465ee728b) (PreviewImporter) -> (artifact id: '4a951d1455ae667a3b056cf169e8a938') in 0.0070865 seconds
Number of updated asset objects reloaded before import = 0Number of asset objects unloaded after import = 3

========================================================================
Received Import Request.
  Time since last request: 0.000015 seconds.
  path: Assets/Tiles/IsoOrman3/Overworld - Forest - Flat - transparent 256x128_8.asset
  artifactKey: Guid(3059f58433461ff43b625da0e9c77212) Importer(815301076,1909f56bfc062723c751e8b465ee728b)
Start importing Assets/Tiles/IsoOrman3/Overworld - Forest - Flat - transparent 256x128_8.asset using Guid(3059f58433461ff43b625da0e9c77212) Importer(815301076,1909f56bfc062723c751e8b465ee728b) (PreviewImporter) -> (artifact id: '0ca2fe66ecb75eb46ad6bfeb2da88826') in 0.0069523 seconds
Number of updated asset objects reloaded before import = 0Number of asset objects unloaded after import = 3

========================================================================
Received Import Request.
  Time since last request: 0.000018 seconds.
  path: Assets/Tiles/IsoOrman3/Overworld - Forest - Flat - transparent 256x128_9.asset
  artifactKey: Guid(f81a57b20331a9449a42e76d4c623227) Importer(815301076,1909f56bfc062723c751e8b465ee728b)
Start importing Assets/Tiles/IsoOrman3/Overworld - Forest - Flat - transparent 256x128_9.asset using Guid(f81a57b20331a9449a42e76d4c623227) Importer(815301076,1909f56bfc062723c751e8b465ee728b) (PreviewImporter) -> (artifact id: 'b16a01c9a04161cf582f57ce111fde4b') in 0.007242 seconds
Number of updated asset objects reloaded before import = 0Number of asset objects unloaded after import = 3

========================================================================
Received Import Request.
  Time since last request: 1.090446 seconds.
  path: Assets/Tiles/IsoWater/Overworld - Water - Flat 256x128_2.asset
  artifactKey: Guid(7bdee16ce56dd8c40837f958414b753b) Importer(815301076,1909f56bfc062723c751e8b465ee728b)
Start importing Assets/Tiles/IsoWater/Overworld - Water - Flat 256x128_2.asset using Guid(7bdee16ce56dd8c40837f958414b753b) Importer(815301076,1909f56bfc062723c751e8b465ee728b) (PreviewImporter) -> (artifact id: 'fba467d5bad5d6b637b58032eefa2833') in 0.0095461 seconds
Number of updated asset objects reloaded before import = 0Number of asset objects unloaded after import = 3

========================================================================
Received Import Request.
  Time since last request: 0.000021 seconds.
  path: Assets/Tiles/IsoWater/Overworld - Water - Flat 256x128_15.asset
  artifactKey: Guid(b3651f20cc1e0324ca8a67cd2e4a05e3) Importer(815301076,1909f56bfc062723c751e8b465ee728b)
Start importing Assets/Tiles/IsoWater/Overworld - Water - Flat 256x128_15.asset using Guid(b3651f20cc1e0324ca8a67cd2e4a05e3) Importer(815301076,1909f56bfc062723c751e8b465ee728b) (PreviewImporter) -> (artifact id: '5fdb4816e280854913a06d7a1c0823ee') in 0.0068925 seconds
Number of updated asset objects reloaded before import = 0Number of asset objects unloaded after import = 3

========================================================================
Received Import Request.
  Time since last request: 0.000027 seconds.
  path: Assets/Tiles/IsoWater/Overworld - Water - Flat 256x128_13.asset
  artifactKey: Guid(41956e3c0f48ced49b3d7c471dcec2f8) Importer(815301076,1909f56bfc062723c751e8b465ee728b)
Start importing Assets/Tiles/IsoWater/Overworld - Water - Flat 256x128_13.asset using Guid(41956e3c0f48ced49b3d7c471dcec2f8) Importer(815301076,1909f56bfc062723c751e8b465ee728b) (PreviewImporter) -> (artifact id: 'a997df38c5022b491af498c2d7209777') in 0.0073754 seconds
Number of updated asset objects reloaded before import = 0Number of asset objects unloaded after import = 3

========================================================================
Received Import Request.
  Time since last request: 0.000018 seconds.
  path: Assets/Tiles/IsoWater/Overworld - Water - Flat 256x128_16.asset
  artifactKey: Guid(9de72bcd2d70ede4da8d918f906217e8) Importer(815301076,1909f56bfc062723c751e8b465ee728b)
Start importing Assets/Tiles/IsoWater/Overworld - Water - Flat 256x128_16.asset using Guid(9de72bcd2d70ede4da8d918f906217e8) Importer(815301076,1909f56bfc062723c751e8b465ee728b) (PreviewImporter) -> (artifact id: 'c36033f893effb43d6c8706cfc6d32e9') in 0.0064903 seconds
Number of updated asset objects reloaded before import = 0Number of asset objects unloaded after import = 3

========================================================================
Received Import Request.
  Time since last request: 0.000020 seconds.
  path: Assets/Tiles/IsoWater/Overworld - Water - Flat 256x128_10.asset
  artifactKey: Guid(882209440a17dae40bb4bf4678863901) Importer(815301076,1909f56bfc062723c751e8b465ee728b)
Start importing Assets/Tiles/IsoWater/Overworld - Water - Flat 256x128_10.asset using Guid(882209440a17dae40bb4bf4678863901) Importer(815301076,1909f56bfc062723c751e8b465ee728b) (PreviewImporter) -> (artifact id: '88543b6465170540520f777fde99a907') in 0.0079178 seconds
Number of updated asset objects reloaded before import = 0Number of asset objects unloaded after import = 3

========================================================================
Received Import Request.
  Time since last request: 0.000019 seconds.
  path: Assets/Tiles/IsoWater/Overworld - Water - Flat 256x128_12.asset
  artifactKey: Guid(7feff4ba6be3d4e43a5921bf50e1569b) Importer(815301076,1909f56bfc062723c751e8b465ee728b)
Start importing Assets/Tiles/IsoWater/Overworld - Water - Flat 256x128_12.asset using Guid(7feff4ba6be3d4e43a5921bf50e1569b) Importer(815301076,1909f56bfc062723c751e8b465ee728b) (PreviewImporter) -> (artifact id: '843edb72aaecbf519dc51eeba3e55b63') in 0.0072909 seconds
Number of updated asset objects reloaded before import = 0Number of asset objects unloaded after import = 3

========================================================================
Received Import Request.
  Time since last request: 0.765355 seconds.
  path: Assets/Tiles/IsoOrmanTransparent/Overworld - Forest - Flat - transparent 256x128_2.asset
  artifactKey: Guid(f130f830d0fceb64086ea48e4544603a) Importer(815301076,1909f56bfc062723c751e8b465ee728b)
Start importing Assets/Tiles/IsoOrmanTransparent/Overworld - Forest - Flat - transparent 256x128_2.asset using Guid(f130f830d0fceb64086ea48e4544603a) Importer(815301076,1909f56bfc062723c751e8b465ee728b) (PreviewImporter) -> (artifact id: '55dd5c6b63eeb49848754de1ef094614') in 0.0092208 seconds
Number of updated asset objects reloaded before import = 0Number of asset objects unloaded after import = 3

========================================================================
Received Import Request.
  Time since last request: 0.000022 seconds.
  path: Assets/Tiles/IsoOrmanTransparent/Overworld - Forest - Flat - transparent 256x128_16.asset
  artifactKey: Guid(271c30143399e694e93e782b6a57166b) Importer(815301076,1909f56bfc062723c751e8b465ee728b)
Start importing Assets/Tiles/IsoOrmanTransparent/Overworld - Forest - Flat - transparent 256x128_16.asset using Guid(271c30143399e694e93e782b6a57166b) Importer(815301076,1909f56bfc062723c751e8b465ee728b) (PreviewImporter) -> (artifact id: '92cdfbf3373c24a4528716ba8e6628ae') in 0.0079861 seconds
Number of updated asset objects reloaded before import = 0Number of asset objects unloaded after import = 3

========================================================================
Received Import Request.
  Time since last request: 0.000016 seconds.
  path: Assets/Tiles/IsoOrmanTransparent/Overworld - Forest - Flat - transparent 256x128_10.asset
  artifactKey: Guid(87cde9c945cbe4b479f4e38109314360) Importer(815301076,1909f56bfc062723c751e8b465ee728b)
Start importing Assets/Tiles/IsoOrmanTransparent/Overworld - Forest - Flat - transparent 256x128_10.asset using Guid(87cde9c945cbe4b479f4e38109314360) Importer(815301076,1909f56bfc062723c751e8b465ee728b) (PreviewImporter) -> (artifact id: '2359f457fb2bcedf7e1d8f795a036c40') in 0.008872 seconds
Number of updated asset objects reloaded before import = 0Number of asset objects unloaded after import = 3

========================================================================
Received Import Request.
  Time since last request: 0.000017 seconds.
  path: Assets/Tiles/IsoOrmanTransparent/Overworld - Forest - Flat - transparent 256x128_17.asset
  artifactKey: Guid(d3769c6774a2e3c4bb59eaf05a8daa0d) Importer(815301076,1909f56bfc062723c751e8b465ee728b)
Start importing Assets/Tiles/IsoOrmanTransparent/Overworld - Forest - Flat - transparent 256x128_17.asset using Guid(d3769c6774a2e3c4bb59eaf05a8daa0d) Importer(815301076,1909f56bfc062723c751e8b465ee728b) (PreviewImporter) -> (artifact id: '44dea419aa6d30473d26983a890297eb') in 0.0073024 seconds
Number of updated asset objects reloaded before import = 0Number of asset objects unloaded after import = 3

========================================================================
Received Import Request.
  Time since last request: 0.000025 seconds.
  path: Assets/Tiles/IsoOrmanTransparent/Overworld - Forest - Flat - transparent 256x128_4.asset
  artifactKey: Guid(a000ea103c4b39b4fa17f908aca86442) Importer(815301076,1909f56bfc062723c751e8b465ee728b)
Start importing Assets/Tiles/IsoOrmanTransparent/Overworld - Forest - Flat - transparent 256x128_4.asset using Guid(a000ea103c4b39b4fa17f908aca86442) Importer(815301076,1909f56bfc062723c751e8b465ee728b) (PreviewImporter) -> (artifact id: 'ea7727b7b7654fe10334f78a13f4131c') in 0.0076603 seconds
Number of updated asset objects reloaded before import = 0Number of asset objects unloaded after import = 3

========================================================================
Received Import Request.
  Time since last request: 0.000024 seconds.
  path: Assets/Tiles/IsoOrmanTransparent/Overworld - Forest - Flat - transparent 256x128_7.asset
  artifactKey: Guid(a64b0e058933b1f448fdf6781ef66ab6) Importer(815301076,1909f56bfc062723c751e8b465ee728b)
Start importing Assets/Tiles/IsoOrmanTransparent/Overworld - Forest - Flat - transparent 256x128_7.asset using Guid(a64b0e058933b1f448fdf6781ef66ab6) Importer(815301076,1909f56bfc062723c751e8b465ee728b) (PreviewImporter) -> (artifact id: '1314d0171bca5f8265fbe9c8710cb5eb') in 0.0072307 seconds
Number of updated asset objects reloaded before import = 0Number of asset objects unloaded after import = 3

========================================================================
Received Import Request.
  Time since last request: 285.573212 seconds.
  path: Assets/Tiles/IsoOrman2/Overworld - Forest - Flat - transparent 256x128_0.asset
  artifactKey: Guid(eae4a9f8221e5cd458a7fd3b2a61df89) Importer(815301076,1909f56bfc062723c751e8b465ee728b)
Start importing Assets/Tiles/IsoOrman2/Overworld - Forest - Flat - transparent 256x128_0.asset using Guid(eae4a9f8221e5cd458a7fd3b2a61df89) Importer(815301076,1909f56bfc062723c751e8b465ee728b) (PreviewImporter) -> (artifact id: '8ad40ebdcac81ee1898ca41a82d9a337') in 0.0082731 seconds
Number of updated asset objects reloaded before import = 0Number of asset objects unloaded after import = 3

========================================================================
Received Import Request.
  Time since last request: 0.000032 seconds.
  path: Assets/Tiles/IsoOrman2/Overworld - Forest - Flat - transparent 256x128_9.asset
  artifactKey: Guid(3859248ee7dc6d840be99c9f8d4f62ea) Importer(815301076,1909f56bfc062723c751e8b465ee728b)
Start importing Assets/Tiles/IsoOrman2/Overworld - Forest - Flat - transparent 256x128_9.asset using Guid(3859248ee7dc6d840be99c9f8d4f62ea) Importer(815301076,1909f56bfc062723c751e8b465ee728b) (PreviewImporter) -> (artifact id: '35fbcbae4828ff1cd7f64f5dc48c41b3') in 0.0068757 seconds
Number of updated asset objects reloaded before import = 0Number of asset objects unloaded after import = 3

========================================================================
Received Import Request.
  Time since last request: 0.000018 seconds.
  path: Assets/Tiles/IsoOrman2/Overworld - Forest - Flat - transparent 256x128_12.asset
  artifactKey: Guid(bba4c69fd07fe2343939834dc7638ec3) Importer(815301076,1909f56bfc062723c751e8b465ee728b)
Start importing Assets/Tiles/IsoOrman2/Overworld - Forest - Flat - transparent 256x128_12.asset using Guid(bba4c69fd07fe2343939834dc7638ec3) Importer(815301076,1909f56bfc062723c751e8b465ee728b) (PreviewImporter) -> (artifact id: '5b167cf8d0629981ab8f6eb9d9a67363') in 0.0067911 seconds
Number of updated asset objects reloaded before import = 0Number of asset objects unloaded after import = 3

========================================================================
Received Import Request.
  Time since last request: 0.000021 seconds.
  path: Assets/Tiles/IsoOrman2/Overworld - Forest - Flat - transparent 256x128_16.asset
  artifactKey: Guid(f7ce36512b2dc2c4ebb0e9c130a2690f) Importer(815301076,1909f56bfc062723c751e8b465ee728b)
Start importing Assets/Tiles/IsoOrman2/Overworld - Forest - Flat - transparent 256x128_16.asset using Guid(f7ce36512b2dc2c4ebb0e9c130a2690f) Importer(815301076,1909f56bfc062723c751e8b465ee728b) (PreviewImporter) -> (artifact id: 'edcd3e05c6ffe47203f606cc2cab2e96') in 0.0167321 seconds
Number of updated asset objects reloaded before import = 0Number of asset objects unloaded after import = 3

========================================================================
Received Import Request.
  Time since last request: 0.000037 seconds.
  path: Assets/Tiles/IsoOrman2/Overworld - Forest - Flat - transparent 256x128_17.asset
  artifactKey: Guid(d955f26053703af45835a030da1c66ab) Importer(815301076,1909f56bfc062723c751e8b465ee728b)
Start importing Assets/Tiles/IsoOrman2/Overworld - Forest - Flat - transparent 256x128_17.asset using Guid(d955f26053703af45835a030da1c66ab) Importer(815301076,1909f56bfc062723c751e8b465ee728b) (PreviewImporter) -> (artifact id: '2bcfabb8f19d0589cb7db035be7c96a2') in 0.0063471 seconds
Number of updated asset objects reloaded before import = 0Number of asset objects unloaded after import = 3

========================================================================
Received Import Request.
  Time since last request: 0.000035 seconds.
  path: Assets/Tiles/IsoOrman2/Overworld - Forest - Flat - transparent 256x128_11.asset
  artifactKey: Guid(0d856c8366ee94a48b9a0decf4167ad0) Importer(815301076,1909f56bfc062723c751e8b465ee728b)
Start importing Assets/Tiles/IsoOrman2/Overworld - Forest - Flat - transparent 256x128_11.asset using Guid(0d856c8366ee94a48b9a0decf4167ad0) Importer(815301076,1909f56bfc062723c751e8b465ee728b) (PreviewImporter) -> (artifact id: '2789acc92c7f80bf1de6e2be275d8273') in 0.0070209 seconds
Number of updated asset objects reloaded before import = 0Number of asset objects unloaded after import = 3

========================================================================
Received Import Request.
  Time since last request: 0.000016 seconds.
  path: Assets/Tiles/IsoOrman2/Overworld - Forest - Flat - transparent 256x128_10.asset
  artifactKey: Guid(a13affc30f248aa4da4ad69ad1edd102) Importer(815301076,1909f56bfc062723c751e8b465ee728b)
Start importing Assets/Tiles/IsoOrman2/Overworld - Forest - Flat - transparent 256x128_10.asset using Guid(a13affc30f248aa4da4ad69ad1edd102) Importer(815301076,1909f56bfc062723c751e8b465ee728b) (PreviewImporter) -> (artifact id: 'dcc098a77470a1c4ebdd0afa69223632') in 0.0093569 seconds
Number of updated asset objects reloaded before import = 0Number of asset objects unloaded after import = 3

========================================================================
Received Import Request.
  Time since last request: 0.000018 seconds.
  path: Assets/Tiles/IsoOrman2/Overworld - Forest - Flat - transparent 256x128_5.asset
  artifactKey: Guid(4ef4798f3305ae34f860d88e50b54506) Importer(815301076,1909f56bfc062723c751e8b465ee728b)
Start importing Assets/Tiles/IsoOrman2/Overworld - Forest - Flat - transparent 256x128_5.asset using Guid(4ef4798f3305ae34f860d88e50b54506) Importer(815301076,1909f56bfc062723c751e8b465ee728b) (PreviewImporter) -> (artifact id: 'f39accc048ce2ac0900ea2d286090e87') in 0.0073483 seconds
Number of updated asset objects reloaded before import = 0Number of asset objects unloaded after import = 3

========================================================================
Received Import Request.
  Time since last request: 0.000016 seconds.
  path: Assets/Tiles/IsoOrman2/Overworld - Forest - Flat - transparent 256x128_6.asset
  artifactKey: Guid(c0350a4438fbf984b8a780cab97e41d8) Importer(815301076,1909f56bfc062723c751e8b465ee728b)
Start importing Assets/Tiles/IsoOrman2/Overworld - Forest - Flat - transparent 256x128_6.asset using Guid(c0350a4438fbf984b8a780cab97e41d8) Importer(815301076,1909f56bfc062723c751e8b465ee728b) (PreviewImporter) -> (artifact id: '64f11a0f3879e1ebeb4481361543c3f1') in 0.0060873 seconds
Number of updated asset objects reloaded before import = 0Number of asset objects unloaded after import = 3

========================================================================
Received Import Request.
  Time since last request: 0.000017 seconds.
  path: Assets/Tiles/IsoOrman2/Overworld - Forest - Flat - transparent 256x128_14.asset
  artifactKey: Guid(3ab46f01f9cdeed43ac98b80946a637c) Importer(815301076,1909f56bfc062723c751e8b465ee728b)
Start importing Assets/Tiles/IsoOrman2/Overworld - Forest - Flat - transparent 256x128_14.asset using Guid(3ab46f01f9cdeed43ac98b80946a637c) Importer(815301076,1909f56bfc062723c751e8b465ee728b) (PreviewImporter) -> (artifact id: 'de4ecd730d8cb763b203c582aa49ed46') in 0.0051512 seconds
Number of updated asset objects reloaded before import = 0Number of asset objects unloaded after import = 3

========================================================================
Received Import Request.
  Time since last request: 2.648763 seconds.
  path: Assets/Tiles/IsoOrman3/Overworld - Forest - Flat - transparent 256x128_1.asset
  artifactKey: Guid(4e33a5cf5c1532c4396970b57d7762af) Importer(815301076,1909f56bfc062723c751e8b465ee728b)
Start importing Assets/Tiles/IsoOrman3/Overworld - Forest - Flat - transparent 256x128_1.asset using Guid(4e33a5cf5c1532c4396970b57d7762af) Importer(815301076,1909f56bfc062723c751e8b465ee728b) (PreviewImporter) -> (artifact id: '032dc0430fc87760dd286d5b38074fd1') in 0.006685 seconds
Number of updated asset objects reloaded before import = 0Number of asset objects unloaded after import = 3

========================================================================
Received Import Request.
  Time since last request: 0.000021 seconds.
  path: Assets/Tiles/IsoOrman3/Overworld - Forest - Flat - transparent 256x128_14.asset
  artifactKey: Guid(efb14847478b0a540a440c6075e5779b) Importer(815301076,1909f56bfc062723c751e8b465ee728b)
Start importing Assets/Tiles/IsoOrman3/Overworld - Forest - Flat - transparent 256x128_14.asset using Guid(efb14847478b0a540a440c6075e5779b) Importer(815301076,1909f56bfc062723c751e8b465ee728b) (PreviewImporter) -> (artifact id: '27c61598639a40ec748fa1e948de41d1') in 0.0074946 seconds
Number of updated asset objects reloaded before import = 0Number of asset objects unloaded after import = 3

========================================================================
Received Import Request.
  Time since last request: 0.000028 seconds.
  path: Assets/Tiles/IsoOrman3/Overworld - Forest - Flat - transparent 256x128_13.asset
  artifactKey: Guid(165f1424bc7841d4b9b5c6b51314bfcd) Importer(815301076,1909f56bfc062723c751e8b465ee728b)
Start importing Assets/Tiles/IsoOrman3/Overworld - Forest - Flat - transparent 256x128_13.asset using Guid(165f1424bc7841d4b9b5c6b51314bfcd) Importer(815301076,1909f56bfc062723c751e8b465ee728b) (PreviewImporter) -> (artifact id: '07ec2b83d9f7b1f0f18182a6682bac18') in 0.0071638 seconds
Number of updated asset objects reloaded before import = 0Number of asset objects unloaded after import = 3

========================================================================
Received Import Request.
  Time since last request: 0.000021 seconds.
  path: Assets/Tiles/IsoOrman3/Overworld - Forest - Flat - transparent 256x128_16.asset
  artifactKey: Guid(3ae82f56d638a4f428e68d80749d01ec) Importer(815301076,1909f56bfc062723c751e8b465ee728b)
Start importing Assets/Tiles/IsoOrman3/Overworld - Forest - Flat - transparent 256x128_16.asset using Guid(3ae82f56d638a4f428e68d80749d01ec) Importer(815301076,1909f56bfc062723c751e8b465ee728b) (PreviewImporter) -> (artifact id: '8804ef3a2d3bb8d7bac899a87f886305') in 0.0061272 seconds
Number of updated asset objects reloaded before import = 0Number of asset objects unloaded after import = 3

========================================================================
Received Import Request.
  Time since last request: 0.000027 seconds.
  path: Assets/Tiles/IsoOrman3/Overworld - Forest - Flat - transparent 256x128_3.asset
  artifactKey: Guid(f86169c1de0f62e4398b6c8969277052) Importer(815301076,1909f56bfc062723c751e8b465ee728b)
Start importing Assets/Tiles/IsoOrman3/Overworld - Forest - Flat - transparent 256x128_3.asset using Guid(f86169c1de0f62e4398b6c8969277052) Importer(815301076,1909f56bfc062723c751e8b465ee728b) (PreviewImporter) -> (artifact id: '1873e8232bdb55a278c6d5761713a4ea') in 0.0063618 seconds
Number of updated asset objects reloaded before import = 0Number of asset objects unloaded after import = 3

========================================================================
Received Import Request.
  Time since last request: 0.000019 seconds.
  path: Assets/Tiles/IsoOrman3/Overworld - Forest - Flat - transparent 256x128_4.asset
  artifactKey: Guid(cf48756e91ff7594aa848caa3cc5eed3) Importer(815301076,1909f56bfc062723c751e8b465ee728b)
Start importing Assets/Tiles/IsoOrman3/Overworld - Forest - Flat - transparent 256x128_4.asset using Guid(cf48756e91ff7594aa848caa3cc5eed3) Importer(815301076,1909f56bfc062723c751e8b465ee728b) (PreviewImporter) -> (artifact id: '9b30007f067c1bbb18b223289c89b0ac') in 0.0069919 seconds
Number of updated asset objects reloaded before import = 0Number of asset objects unloaded after import = 3

========================================================================
Received Import Request.
  Time since last request: 0.000019 seconds.
  path: Assets/Tiles/IsoOrman3/Overworld - Forest - Flat - transparent 256x128_8.asset
  artifactKey: Guid(3059f58433461ff43b625da0e9c77212) Importer(815301076,1909f56bfc062723c751e8b465ee728b)
Start importing Assets/Tiles/IsoOrman3/Overworld - Forest - Flat - transparent 256x128_8.asset using Guid(3059f58433461ff43b625da0e9c77212) Importer(815301076,1909f56bfc062723c751e8b465ee728b) (PreviewImporter) -> (artifact id: '2144471c92189fe6ca09c9bdd3dd86d2') in 0.0068395 seconds
Number of updated asset objects reloaded before import = 0Number of asset objects unloaded after import = 3

========================================================================
Received Import Request.
  Time since last request: 0.000017 seconds.
  path: Assets/Tiles/IsoOrman3/Overworld - Forest - Flat - transparent 256x128_10.asset
  artifactKey: Guid(1545fd651521d944c80839d0762c2681) Importer(815301076,1909f56bfc062723c751e8b465ee728b)
Start importing Assets/Tiles/IsoOrman3/Overworld - Forest - Flat - transparent 256x128_10.asset using Guid(1545fd651521d944c80839d0762c2681) Importer(815301076,1909f56bfc062723c751e8b465ee728b) (PreviewImporter) -> (artifact id: 'b2a7d93ab45f79ef525f26ada2dd3aa8') in 0.0155574 seconds
Number of updated asset objects reloaded before import = 0Number of asset objects unloaded after import = 3

========================================================================
Received Import Request.
  Time since last request: 0.000019 seconds.
  path: Assets/Tiles/IsoOrman3/Overworld - Forest - Flat - transparent 256x128_5.asset
  artifactKey: Guid(1cef1a00d95a931499c148539fcef6ec) Importer(815301076,1909f56bfc062723c751e8b465ee728b)
Start importing Assets/Tiles/IsoOrman3/Overworld - Forest - Flat - transparent 256x128_5.asset using Guid(1cef1a00d95a931499c148539fcef6ec) Importer(815301076,1909f56bfc062723c751e8b465ee728b) (PreviewImporter) -> (artifact id: '2149fbecb84484373b4906d7afdb748f') in 0.0052776 seconds
Number of updated asset objects reloaded before import = 0Number of asset objects unloaded after import = 3

========================================================================
Received Import Request.
  Time since last request: 0.928402 seconds.
  path: Assets/Tiles/IsoOrmanTransparent/Overworld - Forest - Flat - transparent 256x128_1.asset
  artifactKey: Guid(91d2cc8c272d03a458c8f80449133fd7) Importer(815301076,1909f56bfc062723c751e8b465ee728b)
Start importing Assets/Tiles/IsoOrmanTransparent/Overworld - Forest - Flat - transparent 256x128_1.asset using Guid(91d2cc8c272d03a458c8f80449133fd7) Importer(815301076,1909f56bfc062723c751e8b465ee728b) (PreviewImporter) -> (artifact id: '05075f07042dd6ad76c3c08e75547459') in 0.0067494 seconds
Number of updated asset objects reloaded before import = 0Number of asset objects unloaded after import = 3

========================================================================
Received Import Request.
  Time since last request: 0.000016 seconds.
  path: Assets/Tiles/IsoOrmanTransparent/Overworld - Forest - Flat - transparent 256x128_14.asset
  artifactKey: Guid(cb1f71a0f6c2294499c984f1b7792acc) Importer(815301076,1909f56bfc062723c751e8b465ee728b)
Start importing Assets/Tiles/IsoOrmanTransparent/Overworld - Forest - Flat - transparent 256x128_14.asset using Guid(cb1f71a0f6c2294499c984f1b7792acc) Importer(815301076,1909f56bfc062723c751e8b465ee728b) (PreviewImporter) -> (artifact id: '52cbdccd00af91f3b4d430e0b82fb7fc') in 0.0067301 seconds
Number of updated asset objects reloaded before import = 0Number of asset objects unloaded after import = 3

========================================================================
Received Import Request.
  Time since last request: 0.000023 seconds.
  path: Assets/Tiles/IsoOrmanTransparent/Overworld - Forest - Flat - transparent 256x128_9.asset
  artifactKey: Guid(bb2cced3d09d3674889390b2e31afe52) Importer(815301076,1909f56bfc062723c751e8b465ee728b)
Start importing Assets/Tiles/IsoOrmanTransparent/Overworld - Forest - Flat - transparent 256x128_9.asset using Guid(bb2cced3d09d3674889390b2e31afe52) Importer(815301076,1909f56bfc062723c751e8b465ee728b) (PreviewImporter) -> (artifact id: '2d008f977600182dc15e38d4cb84220f') in 0.0079213 seconds
Number of updated asset objects reloaded before import = 0Number of asset objects unloaded after import = 3

========================================================================
Received Import Request.
  Time since last request: 0.000022 seconds.
  path: Assets/Tiles/IsoOrmanTransparent/Overworld - Forest - Flat - transparent 256x128_12.asset
  artifactKey: Guid(dbd94160fcf061b47a6f54e415e1a0db) Importer(815301076,1909f56bfc062723c751e8b465ee728b)
Start importing Assets/Tiles/IsoOrmanTransparent/Overworld - Forest - Flat - transparent 256x128_12.asset using Guid(dbd94160fcf061b47a6f54e415e1a0db) Importer(815301076,1909f56bfc062723c751e8b465ee728b) (PreviewImporter) -> (artifact id: '3dab6730f40f99ad8f920462477098bd') in 0.011722 seconds
Number of updated asset objects reloaded before import = 0Number of asset objects unloaded after import = 3

========================================================================
Received Import Request.
  Time since last request: 0.000036 seconds.
  path: Assets/Tiles/IsoOrmanTransparent/Overworld - Forest - Flat - transparent 256x128_3.asset
  artifactKey: Guid(0484331e766df084a8647f636a74cfaf) Importer(815301076,1909f56bfc062723c751e8b465ee728b)
Start importing Assets/Tiles/IsoOrmanTransparent/Overworld - Forest - Flat - transparent 256x128_3.asset using Guid(0484331e766df084a8647f636a74cfaf) Importer(815301076,1909f56bfc062723c751e8b465ee728b) (PreviewImporter) -> (artifact id: '4498d740aeedb3f2ab01cf9ac4fea4e9') in 0.0072443 seconds
Number of updated asset objects reloaded before import = 0Number of asset objects unloaded after import = 3

========================================================================
Received Import Request.
  Time since last request: 0.000020 seconds.
  path: Assets/Tiles/IsoOrmanTransparent/Overworld - Forest - Flat - transparent 256x128_17.asset
  artifactKey: Guid(d3769c6774a2e3c4bb59eaf05a8daa0d) Importer(815301076,1909f56bfc062723c751e8b465ee728b)
Start importing Assets/Tiles/IsoOrmanTransparent/Overworld - Forest - Flat - transparent 256x128_17.asset using Guid(d3769c6774a2e3c4bb59eaf05a8daa0d) Importer(815301076,1909f56bfc062723c751e8b465ee728b) (PreviewImporter) -> (artifact id: '7a6cd6fad7c93ed6d80a99395a75ca6b') in 0.009419 seconds
Number of updated asset objects reloaded before import = 0Number of asset objects unloaded after import = 3

========================================================================
Received Import Request.
  Time since last request: 0.000018 seconds.
  path: Assets/Tiles/IsoOrmanTransparent/Overworld - Forest - Flat - transparent 256x128_13.asset
  artifactKey: Guid(277d007be7273fd448d68779c14ddd06) Importer(815301076,1909f56bfc062723c751e8b465ee728b)
Start importing Assets/Tiles/IsoOrmanTransparent/Overworld - Forest - Flat - transparent 256x128_13.asset using Guid(277d007be7273fd448d68779c14ddd06) Importer(815301076,1909f56bfc062723c751e8b465ee728b) (PreviewImporter) -> (artifact id: 'eaf8d2babece3408dbc85ec2635eb054') in 0.0057754 seconds
Number of updated asset objects reloaded before import = 0Number of asset objects unloaded after import = 3

========================================================================
Received Import Request.
  Time since last request: 0.000024 seconds.
  path: Assets/Tiles/IsoOrmanTransparent/Overworld - Forest - Flat - transparent 256x128_15.asset
  artifactKey: Guid(b71c83d6f4c618540bff4f052737b6d0) Importer(815301076,1909f56bfc062723c751e8b465ee728b)
Start importing Assets/Tiles/IsoOrmanTransparent/Overworld - Forest - Flat - transparent 256x128_15.asset using Guid(b71c83d6f4c618540bff4f052737b6d0) Importer(815301076,1909f56bfc062723c751e8b465ee728b) (PreviewImporter) -> (artifact id: '99748d4062bcd121c2b97ba26ba2d2c2') in 0.0062508 seconds
Number of updated asset objects reloaded before import = 0Number of asset objects unloaded after import = 3

========================================================================
Received Import Request.
  Time since last request: 0.000017 seconds.
  path: Assets/Tiles/IsoOrmanTransparent/Overworld - Forest - Flat - transparent 256x128_7.asset
  artifactKey: Guid(a64b0e058933b1f448fdf6781ef66ab6) Importer(815301076,1909f56bfc062723c751e8b465ee728b)
Start importing Assets/Tiles/IsoOrmanTransparent/Overworld - Forest - Flat - transparent 256x128_7.asset using Guid(a64b0e058933b1f448fdf6781ef66ab6) Importer(815301076,1909f56bfc062723c751e8b465ee728b) (PreviewImporter) -> (artifact id: '49b0a6ee024258a12984bfbc6dc7eb34') in 0.0058429 seconds
Number of updated asset objects reloaded before import = 0Number of asset objects unloaded after import = 3

========================================================================
Received Import Request.
  Time since last request: 163.829639 seconds.
  path: Assets/Prefabs/Overworld - Forest - Flat 256x128_17.prefab
  artifactKey: Guid(cd1c07d7f9957df44a708ff39c354e5b) Importer(815301076,1909f56bfc062723c751e8b465ee728b)
Start importing Assets/Prefabs/Overworld - Forest - Flat 256x128_17.prefab using Guid(cd1c07d7f9957df44a708ff39c354e5b) Importer(815301076,1909f56bfc062723c751e8b465ee728b) (PreviewImporter) -> (artifact id: 'f289c2920065bb4ad7e3da1e75841799') in 0.5351423 seconds
Number of updated asset objects reloaded before import = 0Number of asset objects unloaded after import = 7

Editor requested this worker to shutdown with reason: Scaling down because of idle timeout
AssetImportWorker is now disconnected from the server
Process exiting
Exiting without the bug reporter. Application will terminate with return code 0